[debug] [2025-04-01T09:51:08.456Z] ----------------------------------------------------------------------
[debug] [2025-04-01T09:51:08.462Z] Command:       C:\Program Files\nodejs\node.exe C:\Users\elikm\AppData\Roaming\npm\node_modules\firebase-tools\lib\bin\firebase.js deploy --only functions:getClasificacionMostoles
[debug] [2025-04-01T09:51:08.463Z] CLI Version:   14.0.1
[debug] [2025-04-01T09:51:08.464Z] Platform:      win32
[debug] [2025-04-01T09:51:08.464Z] Node Version:  v22.14.0
[debug] [2025-04-01T09:51:08.464Z] Time:          Tue Apr 01 2025 11:51:08 GMT+0200 (hora de verano de Europa central)
[debug] [2025-04-01T09:51:08.465Z] ----------------------------------------------------------------------
[debug] 
[debug] [2025-04-01T09:51:09.014Z] > command requires scopes: ["email","openid","https://www.googleapis.com/auth/cloudplatformprojects.readonly","https://www.googleapis.com/auth/firebase","https://www.googleapis.com/auth/cloud-platform"]
[debug] [2025-04-01T09:51:09.015Z] > authorizing via signed-in user (davidare.dev@gmail.com)
[debug] [2025-04-01T09:51:09.016Z] [iam] checking project volley-cubas-app for permissions ["cloudfunctions.functions.create","cloudfunctions.functions.delete","cloudfunctions.functions.get","cloudfunctions.functions.list","cloudfunctions.functions.update","cloudfunctions.operations.get","firebase.projects.get"]
[debug] [2025-04-01T09:51:09.018Z] Checked if tokens are valid: true, expires at: 1743504397451
[debug] [2025-04-01T09:51:09.019Z] Checked if tokens are valid: true, expires at: 1743504397451
[debug] [2025-04-01T09:51:09.021Z] >>> [apiv2][query] POST https://cloudresourcemanager.googleapis.com/v1/projects/volley-cubas-app:testIamPermissions [none]
[debug] [2025-04-01T09:51:09.021Z] >>> [apiv2][(partial)header] POST https://cloudresourcemanager.googleapis.com/v1/projects/volley-cubas-app:testIamPermissions x-goog-quota-user=projects/volley-cubas-app
[debug] [2025-04-01T09:51:09.022Z] >>> [apiv2][body] POST https://cloudresourcemanager.googleapis.com/v1/projects/volley-cubas-app:testIamPermissions {"permissions":["cloudfunctions.functions.create","cloudfunctions.functions.delete","cloudfunctions.functions.get","cloudfunctions.functions.list","cloudfunctions.functions.update","cloudfunctions.operations.get","firebase.projects.get"]}
[debug] [2025-04-01T09:51:09.898Z] <<< [apiv2][status] POST https://cloudresourcemanager.googleapis.com/v1/projects/volley-cubas-app:testIamPermissions 200
[debug] [2025-04-01T09:51:09.898Z] <<< [apiv2][body] POST https://cloudresourcemanager.googleapis.com/v1/projects/volley-cubas-app:testIamPermissions {"permissions":["cloudfunctions.functions.create","cloudfunctions.functions.delete","cloudfunctions.functions.get","cloudfunctions.functions.list","cloudfunctions.functions.update","cloudfunctions.operations.get","firebase.projects.get"]}
[debug] [2025-04-01T09:51:09.899Z] Checked if tokens are valid: true, expires at: 1743504397451
[debug] [2025-04-01T09:51:09.899Z] Checked if tokens are valid: true, expires at: 1743504397451
[debug] [2025-04-01T09:51:09.899Z] >>> [apiv2][query] POST https://iam.googleapis.com/v1/projects/volley-cubas-app/serviceAccounts/volley-cubas-app@appspot.gserviceaccount.com:testIamPermissions [none]
[debug] [2025-04-01T09:51:09.899Z] >>> [apiv2][body] POST https://iam.googleapis.com/v1/projects/volley-cubas-app/serviceAccounts/volley-cubas-app@appspot.gserviceaccount.com:testIamPermissions {"permissions":["iam.serviceAccounts.actAs"]}
[debug] [2025-04-01T09:51:10.641Z] <<< [apiv2][status] POST https://iam.googleapis.com/v1/projects/volley-cubas-app/serviceAccounts/volley-cubas-app@appspot.gserviceaccount.com:testIamPermissions 200
[debug] [2025-04-01T09:51:10.642Z] <<< [apiv2][body] POST https://iam.googleapis.com/v1/projects/volley-cubas-app/serviceAccounts/volley-cubas-app@appspot.gserviceaccount.com:testIamPermissions {"permissions":["iam.serviceAccounts.actAs"]}
[info] 
[info] === Deploying to 'volley-cubas-app'...
[info] 
[info] i  deploying functions 
[debug] [2025-04-01T09:51:10.649Z] Checked if tokens are valid: true, expires at: 1743504397451
[debug] [2025-04-01T09:51:10.649Z] Checked if tokens are valid: true, expires at: 1743504397451
[debug] [2025-04-01T09:51:10.649Z] >>> [apiv2][query] GET https://cloudresourcemanager.googleapis.com/v1/projects/volley-cubas-app [none]
[debug] [2025-04-01T09:51:10.871Z] <<< [apiv2][status] GET https://cloudresourcemanager.googleapis.com/v1/projects/volley-cubas-app 200
[debug] [2025-04-01T09:51:10.871Z] <<< [apiv2][body] GET https://cloudresourcemanager.googleapis.com/v1/projects/volley-cubas-app {"projectNumber":"218339570160","projectId":"volley-cubas-app","lifecycleState":"ACTIVE","name":"volley-cubas-app","labels":{"firebase":"enabled"},"createTime":"2024-11-09T19:17:59.904700Z"}
[info] i  functions: preparing codebase default for deployment 
[info] i  functions: ensuring required API cloudfunctions.googleapis.com is enabled... 
[debug] [2025-04-01T09:51:10.874Z] Checked if tokens are valid: true, expires at: 1743504397451
[debug] [2025-04-01T09:51:10.874Z] Checked if tokens are valid: true, expires at: 1743504397451
[debug] [2025-04-01T09:51:10.875Z] Checked if tokens are valid: true, expires at: 1743504397451
[debug] [2025-04-01T09:51:10.875Z] Checked if tokens are valid: true, expires at: 1743504397451
[info] i  functions: ensuring required API cloudbuild.googleapis.com is enabled... 
[debug] [2025-04-01T09:51:10.876Z] Checked if tokens are valid: true, expires at: 1743504397451
[debug] [2025-04-01T09:51:10.876Z] Checked if tokens are valid: true, expires at: 1743504397451
[info] i  artifactregistry: ensuring required API artifactregistry.googleapis.com is enabled... 
[debug] [2025-04-01T09:51:10.877Z] Checked if tokens are valid: true, expires at: 1743504397451
[debug] [2025-04-01T09:51:10.877Z] Checked if tokens are valid: true, expires at: 1743504397451
[debug] [2025-04-01T09:51:10.877Z] >>> [apiv2][query] GET https://serviceusage.googleapis.com/v1/projects/volley-cubas-app/services/cloudfunctions.googleapis.com [none]
[debug] [2025-04-01T09:51:10.877Z] >>> [apiv2][(partial)header] GET https://serviceusage.googleapis.com/v1/projects/volley-cubas-app/services/cloudfunctions.googleapis.com x-goog-quota-user=projects/volley-cubas-app
[debug] [2025-04-01T09:51:10.879Z] >>> [apiv2][query] GET https://serviceusage.googleapis.com/v1/projects/volley-cubas-app/services/runtimeconfig.googleapis.com [none]
[debug] [2025-04-01T09:51:10.880Z] >>> [apiv2][(partial)header] GET https://serviceusage.googleapis.com/v1/projects/volley-cubas-app/services/runtimeconfig.googleapis.com x-goog-quota-user=projects/volley-cubas-app
[debug] [2025-04-01T09:51:10.882Z] >>> [apiv2][query] GET https://serviceusage.googleapis.com/v1/projects/volley-cubas-app/services/cloudbuild.googleapis.com [none]
[debug] [2025-04-01T09:51:10.883Z] >>> [apiv2][(partial)header] GET https://serviceusage.googleapis.com/v1/projects/volley-cubas-app/services/cloudbuild.googleapis.com x-goog-quota-user=projects/volley-cubas-app
[debug] [2025-04-01T09:51:10.885Z] >>> [apiv2][query] GET https://serviceusage.googleapis.com/v1/projects/volley-cubas-app/services/artifactregistry.googleapis.com [none]
[debug] [2025-04-01T09:51:10.885Z] >>> [apiv2][(partial)header] GET https://serviceusage.googleapis.com/v1/projects/volley-cubas-app/services/artifactregistry.googleapis.com x-goog-quota-user=projects/volley-cubas-app
[debug] [2025-04-01T09:51:11.908Z] <<< [apiv2][status] GET https://serviceusage.googleapis.com/v1/projects/volley-cubas-app/services/cloudfunctions.googleapis.com 200
[debug] [2025-04-01T09:51:11.908Z] <<< [apiv2][body] GET https://serviceusage.googleapis.com/v1/projects/volley-cubas-app/services/cloudfunctions.googleapis.com [omitted]
[info] +  functions: required API cloudfunctions.googleapis.com is enabled 
[debug] [2025-04-01T09:51:11.911Z] <<< [apiv2][status] GET https://serviceusage.googleapis.com/v1/projects/volley-cubas-app/services/cloudbuild.googleapis.com 200
[debug] [2025-04-01T09:51:11.911Z] <<< [apiv2][body] GET https://serviceusage.googleapis.com/v1/projects/volley-cubas-app/services/cloudbuild.googleapis.com [omitted]
[info] +  functions: required API cloudbuild.googleapis.com is enabled 
[debug] [2025-04-01T09:51:11.916Z] <<< [apiv2][status] GET https://serviceusage.googleapis.com/v1/projects/volley-cubas-app/services/runtimeconfig.googleapis.com 200
[debug] [2025-04-01T09:51:11.916Z] <<< [apiv2][body] GET https://serviceusage.googleapis.com/v1/projects/volley-cubas-app/services/runtimeconfig.googleapis.com [omitted]
[debug] [2025-04-01T09:51:11.924Z] <<< [apiv2][status] GET https://serviceusage.googleapis.com/v1/projects/volley-cubas-app/services/artifactregistry.googleapis.com 200
[debug] [2025-04-01T09:51:11.924Z] <<< [apiv2][body] GET https://serviceusage.googleapis.com/v1/projects/volley-cubas-app/services/artifactregistry.googleapis.com [omitted]
[info] +  artifactregistry: required API artifactregistry.googleapis.com is enabled 
[debug] [2025-04-01T09:51:11.925Z] Checked if tokens are valid: true, expires at: 1743504397451
[debug] [2025-04-01T09:51:11.925Z] Checked if tokens are valid: true, expires at: 1743504397451
[debug] [2025-04-01T09:51:11.925Z] >>> [apiv2][query] GET https://firebase.googleapis.com/v1beta1/projects/volley-cubas-app/adminSdkConfig [none]
[debug] [2025-04-01T09:51:12.928Z] <<< [apiv2][status] GET https://firebase.googleapis.com/v1beta1/projects/volley-cubas-app/adminSdkConfig 200
[debug] [2025-04-01T09:51:12.928Z] <<< [apiv2][body] GET https://firebase.googleapis.com/v1beta1/projects/volley-cubas-app/adminSdkConfig {"projectId":"volley-cubas-app","storageBucket":"volley-cubas-app.firebasestorage.app"}
[debug] [2025-04-01T09:51:12.929Z] Checked if tokens are valid: true, expires at: 1743504397451
[debug] [2025-04-01T09:51:12.929Z] Checked if tokens are valid: true, expires at: 1743504397451
[debug] [2025-04-01T09:51:12.930Z] >>> [apiv2][query] GET https://runtimeconfig.googleapis.com/v1beta1/projects/volley-cubas-app/configs [none]
[debug] [2025-04-01T09:51:13.287Z] <<< [apiv2][status] GET https://runtimeconfig.googleapis.com/v1beta1/projects/volley-cubas-app/configs 200
[debug] [2025-04-01T09:51:13.288Z] <<< [apiv2][body] GET https://runtimeconfig.googleapis.com/v1beta1/projects/volley-cubas-app/configs {}
[debug] [2025-04-01T09:51:13.291Z] Validating nodejs source
[debug] [2025-04-01T09:51:15.574Z] > [functions] package.json contents: {
  "name": "functions",
  "description": "Cloud Functions for Firebase",
  "scripts": {
    "serve": "firebase emulators:start --only functions",
    "shell": "firebase functions:shell",
    "start": "npm run shell",
    "deploy": "firebase deploy --only functions",
    "logs": "firebase functions:log"
  },
  "engines": {
    "node": "22"
  },
  "main": "index.js",
  "dependencies": {
    "axios": "^1.8.4",
    "cheerio": "^1.0.0",
    "firebase-admin": "^13.2.0",
    "firebase-functions": "^6.3.2",
    "pdf-parse": "^1.1.1"
  },
  "devDependencies": {
    "firebase-functions-test": "^3.1.0"
  },
  "private": true
}
[debug] [2025-04-01T09:51:15.575Z] Building nodejs source
[info] i  functions: Loading and analyzing source code for codebase default to determine what to deploy 
[debug] [2025-04-01T09:51:15.577Z] Could not find functions.yaml. Must use http discovery
[debug] [2025-04-01T09:51:15.593Z] Found firebase-functions binary at 'C:\Users\elikm\StudioProjects\VolleyCubasApp\functions\node_modules\.bin\firebase-functions'
[info] Serving at port 8254

[debug] [2025-04-01T09:51:18.392Z] Got response from /__/functions.yaml {"endpoints":{"sendNotificationOnAnuncioUpdate":{"availableMemoryMb":null,"timeoutSeconds":null,"minInstances":null,"maxInstances":null,"ingressSettings":null,"concurrency":null,"serviceAccountEmail":null,"vpc":null,"platform":"gcfv2","labels":{},"eventTrigger":{"eventType":"google.cloud.firestore.document.v1.updated","eventFilters":{"database":"(default)","namespace":"(default)","document":"anuncios/anuncio_principal"},"eventFilterPathPatterns":{},"retry":false},"entryPoint":"sendNotificationOnAnuncioUpdate"},"getClasificacion":{"availableMemoryMb":null,"timeoutSeconds":null,"minInstances":null,"maxInstances":null,"ingressSettings":null,"concurrency":null,"serviceAccountEmail":null,"vpc":null,"platform":"gcfv2","labels":{},"httpsTrigger":{},"entryPoint":"getClasificacion"},"getLigas":{"availableMemoryMb":null,"timeoutSeconds":null,"minInstances":null,"maxInstances":null,"ingressSettings":null,"concurrency":null,"serviceAccountEmail":null,"vpc":null,"platform":"gcfv2","labels":{},"httpsTrigger":{},"entryPoint":"getLigas"},"getClasificacionMostoles":{"availableMemoryMb":null,"timeoutSeconds":null,"minInstances":null,"maxInstances":null,"ingressSettings":null,"concurrency":null,"serviceAccountEmail":null,"vpc":null,"platform":"gcfv2","labels":{},"httpsTrigger":{},"entryPoint":"getClasificacionMostoles"}},"specVersion":"v1alpha1","requiredAPIs":[],"extensions":{}}
[info] i  extensions: ensuring required API firebaseextensions.googleapis.com is enabled... 
[debug] [2025-04-01T09:51:22.450Z] Checked if tokens are valid: true, expires at: 1743504397451
[debug] [2025-04-01T09:51:22.451Z] Checked if tokens are valid: true, expires at: 1743504397451
[debug] [2025-04-01T09:51:22.451Z] >>> [apiv2][query] GET https://serviceusage.googleapis.com/v1/projects/volley-cubas-app/services/firebaseextensions.googleapis.com [none]
[debug] [2025-04-01T09:51:22.451Z] >>> [apiv2][(partial)header] GET https://serviceusage.googleapis.com/v1/projects/volley-cubas-app/services/firebaseextensions.googleapis.com x-goog-quota-user=projects/volley-cubas-app
[debug] [2025-04-01T09:51:23.311Z] <<< [apiv2][status] GET https://serviceusage.googleapis.com/v1/projects/volley-cubas-app/services/firebaseextensions.googleapis.com 200
[debug] [2025-04-01T09:51:23.312Z] <<< [apiv2][body] GET https://serviceusage.googleapis.com/v1/projects/volley-cubas-app/services/firebaseextensions.googleapis.com [omitted]
[info] +  extensions: required API firebaseextensions.googleapis.com is enabled 
[debug] [2025-04-01T09:51:23.312Z] > command requires scopes: ["email","openid","https://www.googleapis.com/auth/cloudplatformprojects.readonly","https://www.googleapis.com/auth/firebase","https://www.googleapis.com/auth/cloud-platform"]
[debug] [2025-04-01T09:51:23.313Z] > authorizing via signed-in user (davidare.dev@gmail.com)
[debug] [2025-04-01T09:51:23.313Z] [iam] checking project volley-cubas-app for permissions ["firebase.projects.get","firebaseextensions.instances.list"]
[debug] [2025-04-01T09:51:23.313Z] Checked if tokens are valid: true, expires at: 1743504397451
[debug] [2025-04-01T09:51:23.314Z] Checked if tokens are valid: true, expires at: 1743504397451
[debug] [2025-04-01T09:51:23.314Z] >>> [apiv2][query] POST https://cloudresourcemanager.googleapis.com/v1/projects/volley-cubas-app:testIamPermissions [none]
[debug] [2025-04-01T09:51:23.314Z] >>> [apiv2][(partial)header] POST https://cloudresourcemanager.googleapis.com/v1/projects/volley-cubas-app:testIamPermissions x-goog-quota-user=projects/volley-cubas-app
[debug] [2025-04-01T09:51:23.314Z] >>> [apiv2][body] POST https://cloudresourcemanager.googleapis.com/v1/projects/volley-cubas-app:testIamPermissions {"permissions":["firebase.projects.get","firebaseextensions.instances.list"]}
[debug] [2025-04-01T09:51:23.975Z] <<< [apiv2][status] POST https://cloudresourcemanager.googleapis.com/v1/projects/volley-cubas-app:testIamPermissions 200
[debug] [2025-04-01T09:51:23.976Z] <<< [apiv2][body] POST https://cloudresourcemanager.googleapis.com/v1/projects/volley-cubas-app:testIamPermissions {"permissions":["firebase.projects.get","firebaseextensions.instances.list"]}
[debug] [2025-04-01T09:51:23.977Z] Checked if tokens are valid: true, expires at: 1743504397451
[debug] [2025-04-01T09:51:23.977Z] Checked if tokens are valid: true, expires at: 1743504397451
[debug] [2025-04-01T09:51:23.978Z] >>> [apiv2][query] GET https://firebaseextensions.googleapis.com/v1beta/projects/volley-cubas-app/instances pageSize=100&pageToken=
[debug] [2025-04-01T09:51:24.753Z] <<< [apiv2][status] GET https://firebaseextensions.googleapis.com/v1beta/projects/volley-cubas-app/instances 200
[debug] [2025-04-01T09:51:24.753Z] <<< [apiv2][body] GET https://firebaseextensions.googleapis.com/v1beta/projects/volley-cubas-app/instances {}
[info] i  functions: preparing functions directory for uploading... 
[info] i  functions: packaged C:\Users\elikm\StudioProjects\VolleyCubasApp\functions (69.3 KB) for uploading 
[debug] [2025-04-01T09:51:24.837Z] Checked if tokens are valid: true, expires at: 1743504397451
[debug] [2025-04-01T09:51:24.837Z] Checked if tokens are valid: true, expires at: 1743504397451
[debug] [2025-04-01T09:51:24.838Z] >>> [apiv2][query] GET https://cloudfunctions.googleapis.com/v1/projects/volley-cubas-app/locations/-/functions [none]
[debug] [2025-04-01T09:51:25.580Z] <<< [apiv2][status] GET https://cloudfunctions.googleapis.com/v1/projects/volley-cubas-app/locations/-/functions 200
[debug] [2025-04-01T09:51:25.580Z] <<< [apiv2][body] GET https://cloudfunctions.googleapis.com/v1/projects/volley-cubas-app/locations/-/functions {}
[debug] [2025-04-01T09:51:25.581Z] Checked if tokens are valid: true, expires at: 1743504397451
[debug] [2025-04-01T09:51:25.581Z] Checked if tokens are valid: true, expires at: 1743504397451
[debug] [2025-04-01T09:51:25.581Z] >>> [apiv2][query] GET https://cloudfunctions.googleapis.com/v2/projects/volley-cubas-app/locations/-/functions filter=environment%3D%22GEN_2%22
[debug] [2025-04-01T09:51:26.618Z] <<< [apiv2][status] GET https://cloudfunctions.googleapis.com/v2/projects/volley-cubas-app/locations/-/functions 200
[debug] [2025-04-01T09:51:26.618Z] <<< [apiv2][body] GET https://cloudfunctions.googleapis.com/v2/projects/volley-cubas-app/locations/-/functions {"functions":[{"name":"projects/volley-cubas-app/locations/us-central1/functions/sendNotificationOnAnuncioUpdate","buildConfig":{"build":"projects/218339570160/locations/us-central1/builds/dd85fed0-09c1-42b9-a6cd-6de124f154ab","runtime":"nodejs22","entryPoint":"sendNotificationOnAnuncioUpdate","source":{"storageSource":{"bucket":"gcf-v2-sources-218339570160-us-central1","object":"sendNotificationOnAnuncioUpdate/function-source.zip","generation":"1743435733528051"}},"environmentVariables":{"GOOGLE_NODE_RUN_SCRIPTS":""},"dockerRepository":"projects/volley-cubas-app/locations/us-central1/repositories/gcf-artifacts","sourceProvenance":{"resolvedStorageSource":{"bucket":"gcf-v2-sources-218339570160-us-central1","object":"sendNotificationOnAnuncioUpdate/function-source.zip","generation":"1743435733528051"}},"dockerRegistry":"ARTIFACT_REGISTRY","serviceAccount":"projects/volley-cubas-app/serviceAccounts/218339570160-compute@developer.gserviceaccount.com","automaticUpdatePolicy":{}},"serviceConfig":{"service":"projects/volley-cubas-app/locations/us-central1/services/sendnotificationonanuncioupdate","timeoutSeconds":60,"environmentVariables":{"FIREBASE_CONFIG":"{\"projectId\":\"volley-cubas-app\",\"storageBucket\":\"volley-cubas-app.firebasestorage.app\"}","GCLOUD_PROJECT":"volley-cubas-app","EVENTARC_CLOUD_EVENT_SOURCE":"projects/volley-cubas-app/locations/us-central1/services/sendNotificationOnAnuncioUpdate","FUNCTION_SIGNATURE_TYPE":"cloudevent","FUNCTION_TARGET":"sendNotificationOnAnuncioUpdate","LOG_EXECUTION_ID":"true"},"maxInstanceCount":100,"ingressSettings":"ALLOW_ALL","uri":"https://sendnotificationonanuncioupdate-gqjjyw6b4a-uc.a.run.app","serviceAccountEmail":"218339570160-compute@developer.gserviceaccount.com","availableMemory":"256Mi","allTrafficOnLatestRevision":true,"revision":"sendnotificationonanuncioupdate-00019-feh","maxInstanceRequestConcurrency":80,"availableCpu":"1"},"eventTrigger":{"trigger":"projects/volley-cubas-app/locations/eur3/triggers/sendnotificationonanuncioupdate-398713","triggerRegion":"eur3","eventType":"google.cloud.firestore.document.v1.updated","eventFilters":[{"attribute":"namespace","value":"(default)"},{"attribute":"document","value":"anuncios/anuncio_principal"},{"attribute":"database","value":"(default)"}],"pubsubTopic":"projects/volley-cubas-app/topics/eventarc-eur3-sendnotificationonanuncioupdate-398713-415","serviceAccountEmail":"218339570160-compute@developer.gserviceaccount.com","retryPolicy":"RETRY_POLICY_DO_NOT_RETRY"},"state":"ACTIVE","updateTime":"2025-03-31T15:43:13.063862612Z","labels":{"firebase-functions-hash":"b221ef9d89d66f16f21550b88f604376f1e273f5","deployment-tool":"cli-firebase"},"environment":"GEN_2","url":"https://us-central1-volley-cubas-app.cloudfunctions.net/sendNotificationOnAnuncioUpdate","createTime":"2025-03-12T19:13:28.484768013Z","satisfiesPzi":true},{"name":"projects/volley-cubas-app/locations/us-central1/functions/getLigas","buildConfig":{"build":"projects/218339570160/locations/us-central1/builds/dd85fed0-09c1-42b9-a6cd-6de124f154ab","runtime":"nodejs22","entryPoint":"getLigas","source":{"storageSource":{"bucket":"gcf-v2-sources-218339570160-us-central1","object":"getLigas/function-source.zip","generation":"1743435791289481"}},"environmentVariables":{"GOOGLE_NODE_RUN_SCRIPTS":""},"dockerRepository":"projects/volley-cubas-app/locations/us-central1/repositories/gcf-artifacts","sourceProvenance":{"resolvedStorageSource":{"bucket":"gcf-v2-sources-218339570160-us-central1","object":"getLigas/function-source.zip","generation":"1743435791289481"}},"dockerRegistry":"ARTIFACT_REGISTRY","serviceAccount":"projects/volley-cubas-app/serviceAccounts/218339570160-compute@developer.gserviceaccount.com","automaticUpdatePolicy":{}},"serviceConfig":{"service":"projects/volley-cubas-app/locations/us-central1/services/getligas","timeoutSeconds":60,"environmentVariables":{"FIREBASE_CONFIG":"{\"projectId\":\"volley-cubas-app\",\"storageBucket\":\"volley-cubas-app.firebasestorage.app\"}","GCLOUD_PROJECT":"volley-cubas-app","EVENTARC_CLOUD_EVENT_SOURCE":"projects/volley-cubas-app/locations/us-central1/services/getLigas","FUNCTION_TARGET":"getLigas","LOG_EXECUTION_ID":"true","FUNCTION_SIGNATURE_TYPE":"http"},"maxInstanceCount":100,"ingressSettings":"ALLOW_ALL","uri":"https://getligas-gqjjyw6b4a-uc.a.run.app","serviceAccountEmail":"218339570160-compute@developer.gserviceaccount.com","availableMemory":"256Mi","allTrafficOnLatestRevision":true,"revision":"getligas-00005-bax","maxInstanceRequestConcurrency":80,"availableCpu":"1"},"state":"ACTIVE","updateTime":"2025-03-31T15:43:18.420551373Z","labels":{"firebase-functions-hash":"b221ef9d89d66f16f21550b88f604376f1e273f5","deployment-tool":"cli-firebase"},"environment":"GEN_2","url":"https://us-central1-volley-cubas-app.cloudfunctions.net/getLigas","createTime":"2025-03-15T18:03:25.823136529Z","satisfiesPzi":true},{"name":"projects/volley-cubas-app/locations/us-central1/functions/getClasificacionMostoles","buildConfig":{"build":"projects/218339570160/locations/us-central1/builds/d7eea8a1-4498-4e4a-b7d3-fd4423e8c2ab","runtime":"nodejs22","entryPoint":"getClasificacionMostoles","source":{"storageSource":{"bucket":"gcf-v2-sources-218339570160-us-central1","object":"getClasificacionMostoles/function-source.zip","generation":"1743500835159252"}},"environmentVariables":{"GOOGLE_NODE_RUN_SCRIPTS":""},"dockerRepository":"projects/volley-cubas-app/locations/us-central1/repositories/gcf-artifacts","sourceProvenance":{"resolvedStorageSource":{"bucket":"gcf-v2-sources-218339570160-us-central1","object":"getClasificacionMostoles/function-source.zip","generation":"1743500835159252"}},"dockerRegistry":"ARTIFACT_REGISTRY","serviceAccount":"projects/volley-cubas-app/serviceAccounts/218339570160-compute@developer.gserviceaccount.com","automaticUpdatePolicy":{}},"serviceConfig":{"service":"projects/volley-cubas-app/locations/us-central1/services/getclasificacionmostoles","timeoutSeconds":60,"environmentVariables":{"FIREBASE_CONFIG":"{\"projectId\":\"volley-cubas-app\",\"storageBucket\":\"volley-cubas-app.firebasestorage.app\"}","GCLOUD_PROJECT":"volley-cubas-app","EVENTARC_CLOUD_EVENT_SOURCE":"projects/volley-cubas-app/locations/us-central1/services/getClasificacionMostoles","FUNCTION_TARGET":"getClasificacionMostoles","LOG_EXECUTION_ID":"true","FUNCTION_SIGNATURE_TYPE":"http"},"maxInstanceCount":100,"ingressSettings":"ALLOW_ALL","uri":"https://getclasificacionmostoles-gqjjyw6b4a-uc.a.run.app","serviceAccountEmail":"218339570160-compute@developer.gserviceaccount.com","availableMemory":"256Mi","allTrafficOnLatestRevision":true,"revision":"getclasificacionmostoles-00013-lot","maxInstanceRequestConcurrency":80,"availableCpu":"1"},"state":"ACTIVE","updateTime":"2025-04-01T09:48:12.873488682Z","labels":{"deployment-tool":"cli-firebase","firebase-functions-hash":"06cf16f611e3e4f641642a6e8f27ede28875c3c1"},"environment":"GEN_2","url":"https://us-central1-volley-cubas-app.cloudfunctions.net/getClasificacionMostoles","createTime":"2025-03-31T15:17:10.418611398Z","satisfiesPzi":true},{"name":"projects/volley-cubas-app/locations/us-central1/functions/getClasificacion","buildConfig":{"build":"projects/218339570160/locations/us-central1/builds/dd85fed0-09c1-42b9-a6cd-6de124f154ab","runtime":"nodejs22","entryPoint":"getClasificacion","source":{"storageSource":{"bucket":"gcf-v2-sources-218339570160-us-central1","object":"getClasificacion/function-source.zip","generation":"1743435791134038"}},"environmentVariables":{"GOOGLE_NODE_RUN_SCRIPTS":""},"dockerRepository":"projects/volley-cubas-app/locations/us-central1/repositories/gcf-artifacts","sourceProvenance":{"resolvedStorageSource":{"bucket":"gcf-v2-sources-218339570160-us-central1","object":"getClasificacion/function-source.zip","generation":"1743435791134038"}},"dockerRegistry":"ARTIFACT_REGISTRY","serviceAccount":"projects/volley-cubas-app/serviceAccounts/218339570160-compute@developer.gserviceaccount.com","automaticUpdatePolicy":{}},"serviceConfig":{"service":"projects/volley-cubas-app/locations/us-central1/services/getclasificacion","timeoutSeconds":60,"environmentVariables":{"FIREBASE_CONFIG":"{\"projectId\":\"volley-cubas-app\",\"storageBucket\":\"volley-cubas-app.firebasestorage.app\"}","GCLOUD_PROJECT":"volley-cubas-app","EVENTARC_CLOUD_EVENT_SOURCE":"projects/volley-cubas-app/locations/us-central1/services/getClasificacion","FUNCTION_TARGET":"getClasificacion","LOG_EXECUTION_ID":"true","FUNCTION_SIGNATURE_TYPE":"http"},"maxInstanceCount":100,"ingressSettings":"ALLOW_ALL","uri":"https://getclasificacion-gqjjyw6b4a-uc.a.run.app","serviceAccountEmail":"218339570160-compute@developer.gserviceaccount.com","availableMemory":"256Mi","allTrafficOnLatestRevision":true,"revision":"getclasificacion-00010-xal","maxInstanceRequestConcurrency":80,"availableCpu":"1"},"state":"ACTIVE","updateTime":"2025-03-31T15:43:21.470196424Z","labels":{"firebase-functions-hash":"b221ef9d89d66f16f21550b88f604376f1e273f5","deployment-tool":"cli-firebase"},"environment":"GEN_2","url":"https://us-central1-volley-cubas-app.cloudfunctions.net/getClasificacion","createTime":"2025-03-15T17:20:14.232896714Z","satisfiesPzi":true}]}
[debug] [2025-04-01T09:51:26.623Z] Checked if tokens are valid: true, expires at: 1743504397451
[debug] [2025-04-01T09:51:26.623Z] Checked if tokens are valid: true, expires at: 1743504397451
[debug] [2025-04-01T09:51:26.623Z] >>> [apiv2][query] GET https://firestore.googleapis.com/v1/projects/volley-cubas-app/databases/(default) [none]
[debug] [2025-04-01T09:51:26.928Z] <<< [apiv2][status] GET https://firestore.googleapis.com/v1/projects/volley-cubas-app/databases/(default) 200
[debug] [2025-04-01T09:51:26.928Z] <<< [apiv2][body] GET https://firestore.googleapis.com/v1/projects/volley-cubas-app/databases/(default) {"name":"projects/volley-cubas-app/databases/(default)","uid":"47859008-2f01-445a-864a-831e12e03d7b","createTime":"2024-11-10T18:11:37.557059Z","updateTime":"2024-11-10T18:11:37.557059Z","locationId":"eur3","type":"FIRESTORE_NATIVE","concurrencyMode":"PESSIMISTIC","versionRetentionPeriod":"3600s","earliestVersionTime":"2025-04-01T08:51:24.901274Z","appEngineIntegrationMode":"DISABLED","keyPrefix":"e","pointInTimeRecoveryEnablement":"POINT_IN_TIME_RECOVERY_DISABLED","deleteProtectionState":"DELETE_PROTECTION_DISABLED","databaseEdition":"STANDARD","freeTier":true,"etag":"INb70tbHtowDMLLpkdjHqowD"}
[info] i  functions: ensuring required API run.googleapis.com is enabled... 
[debug] [2025-04-01T09:51:26.933Z] Checked if tokens are valid: true, expires at: 1743504397451
[debug] [2025-04-01T09:51:26.933Z] Checked if tokens are valid: true, expires at: 1743504397451
[info] i  functions: ensuring required API eventarc.googleapis.com is enabled... 
[debug] [2025-04-01T09:51:26.934Z] Checked if tokens are valid: true, expires at: 1743504397451
[debug] [2025-04-01T09:51:26.934Z] Checked if tokens are valid: true, expires at: 1743504397451
[info] i  functions: ensuring required API pubsub.googleapis.com is enabled... 
[debug] [2025-04-01T09:51:26.935Z] Checked if tokens are valid: true, expires at: 1743504397451
[debug] [2025-04-01T09:51:26.935Z] Checked if tokens are valid: true, expires at: 1743504397451
[info] i  functions: ensuring required API storage.googleapis.com is enabled... 
[debug] [2025-04-01T09:51:26.936Z] Checked if tokens are valid: true, expires at: 1743504397451
[debug] [2025-04-01T09:51:26.936Z] Checked if tokens are valid: true, expires at: 1743504397451
[debug] [2025-04-01T09:51:26.936Z] >>> [apiv2][query] GET https://serviceusage.googleapis.com/v1/projects/volley-cubas-app/services/run.googleapis.com [none]
[debug] [2025-04-01T09:51:26.936Z] >>> [apiv2][(partial)header] GET https://serviceusage.googleapis.com/v1/projects/volley-cubas-app/services/run.googleapis.com x-goog-quota-user=projects/volley-cubas-app
[debug] [2025-04-01T09:51:26.937Z] >>> [apiv2][query] GET https://serviceusage.googleapis.com/v1/projects/volley-cubas-app/services/eventarc.googleapis.com [none]
[debug] [2025-04-01T09:51:26.937Z] >>> [apiv2][(partial)header] GET https://serviceusage.googleapis.com/v1/projects/volley-cubas-app/services/eventarc.googleapis.com x-goog-quota-user=projects/volley-cubas-app
[debug] [2025-04-01T09:51:26.942Z] >>> [apiv2][query] GET https://serviceusage.googleapis.com/v1/projects/volley-cubas-app/services/pubsub.googleapis.com [none]
[debug] [2025-04-01T09:51:26.942Z] >>> [apiv2][(partial)header] GET https://serviceusage.googleapis.com/v1/projects/volley-cubas-app/services/pubsub.googleapis.com x-goog-quota-user=projects/volley-cubas-app
[debug] [2025-04-01T09:51:26.946Z] >>> [apiv2][query] GET https://serviceusage.googleapis.com/v1/projects/volley-cubas-app/services/storage.googleapis.com [none]
[debug] [2025-04-01T09:51:26.946Z] >>> [apiv2][(partial)header] GET https://serviceusage.googleapis.com/v1/projects/volley-cubas-app/services/storage.googleapis.com x-goog-quota-user=projects/volley-cubas-app
[debug] [2025-04-01T09:51:27.751Z] <<< [apiv2][status] GET https://serviceusage.googleapis.com/v1/projects/volley-cubas-app/services/run.googleapis.com 200
[debug] [2025-04-01T09:51:27.751Z] <<< [apiv2][body] GET https://serviceusage.googleapis.com/v1/projects/volley-cubas-app/services/run.googleapis.com [omitted]
[info] +  functions: required API run.googleapis.com is enabled 
[debug] [2025-04-01T09:51:27.765Z] <<< [apiv2][status] GET https://serviceusage.googleapis.com/v1/projects/volley-cubas-app/services/eventarc.googleapis.com 200
[debug] [2025-04-01T09:51:27.765Z] <<< [apiv2][body] GET https://serviceusage.googleapis.com/v1/projects/volley-cubas-app/services/eventarc.googleapis.com [omitted]
[info] +  functions: required API eventarc.googleapis.com is enabled 
[debug] [2025-04-01T09:51:27.811Z] <<< [apiv2][status] GET https://serviceusage.googleapis.com/v1/projects/volley-cubas-app/services/pubsub.googleapis.com 200
[debug] [2025-04-01T09:51:27.811Z] <<< [apiv2][body] GET https://serviceusage.googleapis.com/v1/projects/volley-cubas-app/services/pubsub.googleapis.com [omitted]
[info] +  functions: required API pubsub.googleapis.com is enabled 
[debug] [2025-04-01T09:51:27.949Z] <<< [apiv2][status] GET https://serviceusage.googleapis.com/v1/projects/volley-cubas-app/services/storage.googleapis.com 200
[debug] [2025-04-01T09:51:27.950Z] <<< [apiv2][body] GET https://serviceusage.googleapis.com/v1/projects/volley-cubas-app/services/storage.googleapis.com [omitted]
[info] +  functions: required API storage.googleapis.com is enabled 
[info] i  functions: generating the service identity for pubsub.googleapis.com... 
[debug] [2025-04-01T09:51:27.951Z] Checked if tokens are valid: true, expires at: 1743504397451
[debug] [2025-04-01T09:51:27.951Z] Checked if tokens are valid: true, expires at: 1743504397451
[info] i  functions: generating the service identity for eventarc.googleapis.com... 
[debug] [2025-04-01T09:51:27.952Z] Checked if tokens are valid: true, expires at: 1743504397451
[debug] [2025-04-01T09:51:27.952Z] Checked if tokens are valid: true, expires at: 1743504397451
[debug] [2025-04-01T09:51:27.952Z] >>> [apiv2][query] POST https://serviceusage.googleapis.com/v1beta1/projects/218339570160/services/pubsub.googleapis.com:generateServiceIdentity [none]
[debug] [2025-04-01T09:51:27.953Z] >>> [apiv2][query] POST https://serviceusage.googleapis.com/v1beta1/projects/218339570160/services/eventarc.googleapis.com:generateServiceIdentity [none]
[debug] [2025-04-01T09:51:28.770Z] <<< [apiv2][status] POST https://serviceusage.googleapis.com/v1beta1/projects/218339570160/services/pubsub.googleapis.com:generateServiceIdentity 200
[debug] [2025-04-01T09:51:28.770Z] <<< [apiv2][body] POST https://serviceusage.googleapis.com/v1beta1/projects/218339570160/services/pubsub.googleapis.com:generateServiceIdentity {"name":"operations/finished.DONE_OPERATION","done":true,"response":{"@type":"type.googleapis.com/google.api.serviceusage.v1beta1.ServiceIdentity","email":"service-218339570160@gcp-sa-pubsub.iam.gserviceaccount.com","uniqueId":"112726362486757963887"}}
[debug] [2025-04-01T09:51:28.793Z] <<< [apiv2][status] POST https://serviceusage.googleapis.com/v1beta1/projects/218339570160/services/eventarc.googleapis.com:generateServiceIdentity 200
[debug] [2025-04-01T09:51:28.793Z] <<< [apiv2][body] POST https://serviceusage.googleapis.com/v1beta1/projects/218339570160/services/eventarc.googleapis.com:generateServiceIdentity {"name":"operations/finished.DONE_OPERATION","done":true,"response":{"@type":"type.googleapis.com/google.api.serviceusage.v1beta1.ServiceIdentity","email":"service-218339570160@gcp-sa-eventarc.iam.gserviceaccount.com","uniqueId":"101280023350716838215"}}
[debug] [2025-04-01T09:51:28.797Z] Checked if tokens are valid: true, expires at: 1743504397451
[debug] [2025-04-01T09:51:28.797Z] Checked if tokens are valid: true, expires at: 1743504397451
[debug] [2025-04-01T09:51:28.797Z] >>> [apiv2][query] GET https://cloudresourcemanager.googleapis.com/v1/projects/volley-cubas-app [none]
[debug] [2025-04-01T09:51:28.990Z] <<< [apiv2][status] GET https://cloudresourcemanager.googleapis.com/v1/projects/volley-cubas-app 200
[debug] [2025-04-01T09:51:28.991Z] <<< [apiv2][body] GET https://cloudresourcemanager.googleapis.com/v1/projects/volley-cubas-app {"projectNumber":"218339570160","projectId":"volley-cubas-app","lifecycleState":"ACTIVE","name":"volley-cubas-app","labels":{"firebase":"enabled"},"createTime":"2024-11-09T19:17:59.904700Z"}
[debug] [2025-04-01T09:51:28.993Z] Checked if tokens are valid: true, expires at: 1743504397451
[debug] [2025-04-01T09:51:28.994Z] Checked if tokens are valid: true, expires at: 1743504397451
[debug] [2025-04-01T09:51:28.994Z] >>> [apiv2][query] GET https://cloudbilling.googleapis.com/v1/projects/volley-cubas-app/billingInfo [none]
[debug] [2025-04-01T09:51:29.260Z] <<< [apiv2][status] GET https://cloudbilling.googleapis.com/v1/projects/volley-cubas-app/billingInfo 200
[debug] [2025-04-01T09:51:29.260Z] <<< [apiv2][body] GET https://cloudbilling.googleapis.com/v1/projects/volley-cubas-app/billingInfo {"name":"projects/volley-cubas-app/billingInfo","projectId":"volley-cubas-app","billingAccountName":"billingAccounts/01E085-0D88FB-5575DB","billingEnabled":true}
[debug] [2025-04-01T09:51:29.262Z] Checked if tokens are valid: true, expires at: 1743504397451
[debug] [2025-04-01T09:51:29.262Z] Checked if tokens are valid: true, expires at: 1743504397451
[debug] [2025-04-01T09:51:29.262Z] >>> [apiv2][query] POST https://cloudfunctions.googleapis.com/v2/projects/volley-cubas-app/locations/us-central1/functions:generateUploadUrl [none]
[debug] [2025-04-01T09:51:30.143Z] <<< [apiv2][status] POST https://cloudfunctions.googleapis.com/v2/projects/volley-cubas-app/locations/us-central1/functions:generateUploadUrl 200
[debug] [2025-04-01T09:51:30.143Z] <<< [apiv2][body] POST https://cloudfunctions.googleapis.com/v2/projects/volley-cubas-app/locations/us-central1/functions:generateUploadUrl {"uploadUrl":"https://storage.googleapis.com/gcf-v2-uploads-218339570160.us-central1.cloudfunctions.appspot.com/b1c843dd-5605-40e3-8320-9306d76f9238.zip?GoogleAccessId=service-218339570160@gcf-admin-robot.iam.gserviceaccount.com&Expires=1743502887&Signature=TyuySrtCEMsdyeNlWtdEu5zSb6NbgsN%2FnYRgOwTWDjm0V2Cp%2FRiiWJGnNmZLC3qMBoZfPK5%2FzzByTYx0ELBUyvMQruBchg1X6i8N4J4wIFT1apIwl2CJf8KBCpnZmkLsOEKM%2BMqe%2BRRFrBhc1st99eb5MajRNrkoBI%2BT4BvnWr6bYbg4dkypYM9PMbZkLm1SdoR92rLUkzrpFcU71%2BDpMTPHr5kB%2BuBjeHM5DI8e3BeKVM815JvqsZopBVOgjFKho5dZrEf9Hg%2FB0pP6HVNl7Fx9ytuiNjDarLtAKBVOGmMfM7SRYGxrqAPjZGGUZB3HZnH8OEF%2FeoB5QyX9ypOiTw%3D%3D","storageSource":{"bucket":"gcf-v2-uploads-218339570160.us-central1.cloudfunctions.appspot.com","object":"b1c843dd-5605-40e3-8320-9306d76f9238.zip"}}
[debug] [2025-04-01T09:51:30.144Z] >>> [apiv2][query] PUT https://storage.googleapis.com/gcf-v2-uploads-218339570160.us-central1.cloudfunctions.appspot.com/b1c843dd-5605-40e3-8320-9306d76f9238.zip GoogleAccessId=service-218339570160%40gcf-admin-robot.iam.gserviceaccount.com&Expires=1743502887&Signature=TyuySrtCEMsdyeNlWtdEu5zSb6NbgsN%2FnYRgOwTWDjm0V2Cp%2FRiiWJGnNmZLC3qMBoZfPK5%2FzzByTYx0ELBUyvMQruBchg1X6i8N4J4wIFT1apIwl2CJf8KBCpnZmkLsOEKM%2BMqe%2BRRFrBhc1st99eb5MajRNrkoBI%2BT4BvnWr6bYbg4dkypYM9PMbZkLm1SdoR92rLUkzrpFcU71%2BDpMTPHr5kB%2BuBjeHM5DI8e3BeKVM815JvqsZopBVOgjFKho5dZrEf9Hg%2FB0pP6HVNl7Fx9ytuiNjDarLtAKBVOGmMfM7SRYGxrqAPjZGGUZB3HZnH8OEF%2FeoB5QyX9ypOiTw%3D%3D
[debug] [2025-04-01T09:51:30.145Z] >>> [apiv2][body] PUT https://storage.googleapis.com/gcf-v2-uploads-218339570160.us-central1.cloudfunctions.appspot.com/b1c843dd-5605-40e3-8320-9306d76f9238.zip [stream]
[debug] [2025-04-01T09:51:30.888Z] <<< [apiv2][status] PUT https://storage.googleapis.com/gcf-v2-uploads-218339570160.us-central1.cloudfunctions.appspot.com/b1c843dd-5605-40e3-8320-9306d76f9238.zip 200
[debug] [2025-04-01T09:51:30.888Z] <<< [apiv2][body] PUT https://storage.googleapis.com/gcf-v2-uploads-218339570160.us-central1.cloudfunctions.appspot.com/b1c843dd-5605-40e3-8320-9306d76f9238.zip [omitted]
[info] +  functions: functions folder uploaded successfully 
[info] i  functions: updating Node.js 22 (2nd Gen) function getClasificacionMostoles(us-central1)... 
[debug] [2025-04-01T09:51:30.898Z] Checked if tokens are valid: true, expires at: 1743504397451
[debug] [2025-04-01T09:51:30.898Z] Checked if tokens are valid: true, expires at: 1743504397451
[debug] [2025-04-01T09:51:30.898Z] >>> [apiv2][query] PATCH https://cloudfunctions.googleapis.com/v2/projects/volley-cubas-app/locations/us-central1/functions/getClasificacionMostoles updateMask=name%2CbuildConfig.runtime%2CbuildConfig.entryPoint%2CbuildConfig.source.storageSource.bucket%2CbuildConfig.source.storageSource.object%2CbuildConfig.environmentVariables%2CbuildConfig.sourceToken%2CserviceConfig.environmentVariables%2CserviceConfig.ingressSettings%2CserviceConfig.timeoutSeconds%2CserviceConfig.serviceAccountEmail%2CserviceConfig.availableMemory%2CserviceConfig.minInstanceCount%2CserviceConfig.maxInstanceCount%2CserviceConfig.maxInstanceRequestConcurrency%2CserviceConfig.availableCpu%2CserviceConfig.vpcConnector%2CserviceConfig.vpcConnectorEgressSettings%2Clabels%2CbuildConfig.buildEnvironmentVariables
[debug] [2025-04-01T09:51:30.898Z] >>> [apiv2][body] PATCH https://cloudfunctions.googleapis.com/v2/projects/volley-cubas-app/locations/us-central1/functions/getClasificacionMostoles {"name":"projects/volley-cubas-app/locations/us-central1/functions/getClasificacionMostoles","buildConfig":{"runtime":"nodejs22","entryPoint":"getClasificacionMostoles","source":{"storageSource":{"bucket":"gcf-v2-uploads-218339570160.us-central1.cloudfunctions.appspot.com","object":"b1c843dd-5605-40e3-8320-9306d76f9238.zip"}},"environmentVariables":{"GOOGLE_NODE_RUN_SCRIPTS":""}},"serviceConfig":{"environmentVariables":{"FIREBASE_CONFIG":"{\"projectId\":\"volley-cubas-app\",\"storageBucket\":\"volley-cubas-app.firebasestorage.app\"}","GCLOUD_PROJECT":"volley-cubas-app","EVENTARC_CLOUD_EVENT_SOURCE":"projects/volley-cubas-app/locations/us-central1/services/getClasificacionMostoles","FUNCTION_TARGET":"getClasificacionMostoles","LOG_EXECUTION_ID":"true","FUNCTION_SIGNATURE_TYPE":"http"},"ingressSettings":null,"timeoutSeconds":null,"serviceAccountEmail":null,"availableMemory":"256Mi","minInstanceCount":null,"maxInstanceCount":null,"maxInstanceRequestConcurrency":80,"availableCpu":"1","vpcConnector":null,"vpcConnectorEgressSettings":null},"labels":{"deployment-tool":"cli-firebase","firebase-functions-hash":"f5b9b4bdd1e2aafff86b0b6cb7de3817b7d9ee86"}}
[debug] [2025-04-01T09:51:32.559Z] <<< [apiv2][status] PATCH https://cloudfunctions.googleapis.com/v2/projects/volley-cubas-app/locations/us-central1/functions/getClasificacionMostoles 200
[debug] [2025-04-01T09:51:32.559Z] <<< [apiv2][body] PATCH https://cloudfunctions.googleapis.com/v2/projects/volley-cubas-app/locations/us-central1/functions/getClasificacionMostoles {"name":"projects/volley-cubas-app/locations/us-central1/operations/operation-1743501089542-631b47b1b9122-89de1d21-37aee484","metadata":{"@type":"type.googleapis.com/google.cloud.functions.v2.OperationMetadata","createTime":"2025-04-01T09:51:30.467409988Z","target":"projects/volley-cubas-app/locations/us-central1/functions/getClasificacionMostoles","verb":"update","cancelRequested":false,"apiVersion":"v2"},"done":false}
[debug] [2025-04-01T09:51:32.560Z] Checked if tokens are valid: true, expires at: 1743504397451
[debug] [2025-04-01T09:51:32.560Z] Checked if tokens are valid: true, expires at: 1743504397451
[debug] [2025-04-01T09:51:32.560Z] >>> [apiv2][query] GET https://cloudfunctions.googleapis.com/v2/projects/volley-cubas-app/locations/us-central1/operations/operation-1743501089542-631b47b1b9122-89de1d21-37aee484 [none]
[debug] [2025-04-01T09:51:33.282Z] <<< [apiv2][status] GET https://cloudfunctions.googleapis.com/v2/projects/volley-cubas-app/locations/us-central1/operations/operation-1743501089542-631b47b1b9122-89de1d21-37aee484 200
[debug] [2025-04-01T09:51:33.282Z] <<< [apiv2][body] GET https://cloudfunctions.googleapis.com/v2/projects/volley-cubas-app/locations/us-central1/operations/operation-1743501089542-631b47b1b9122-89de1d21-37aee484 {"name":"projects/volley-cubas-app/locations/us-central1/operations/operation-1743501089542-631b47b1b9122-89de1d21-37aee484","metadata":{"@type":"type.googleapis.com/google.cloud.functions.v2.OperationMetadata","createTime":"2025-04-01T09:51:30.467409988Z","target":"projects/volley-cubas-app/locations/us-central1/functions/getClasificacionMostoles","verb":"update","cancelRequested":false,"apiVersion":"v2","requestResource":{"@type":"type.googleapis.com/google.cloud.functions.v2.Function","name":"projects/volley-cubas-app/locations/us-central1/functions/getClasificacionMostoles","buildConfig":{"runtime":"nodejs22","entryPoint":"getClasificacionMostoles","source":{"storageSource":{"bucket":"gcf-v2-sources-218339570160-us-central1","object":"getClasificacionMostoles/function-source.zip","generation":"1743501090407869"}},"environmentVariables":{"GOOGLE_NODE_RUN_SCRIPTS":""},"dockerRepository":"projects/volley-cubas-app/locations/us-central1/repositories/gcf-artifacts","sourceProvenance":{"resolvedStorageSource":{"bucket":"gcf-v2-sources-218339570160-us-central1","object":"getClasificacionMostoles/function-source.zip","generation":"1743500835159252"}},"dockerRegistry":"ARTIFACT_REGISTRY","serviceAccount":"projects/volley-cubas-app/serviceAccounts/218339570160-compute@developer.gserviceaccount.com","automaticUpdatePolicy":{}},"serviceConfig":{"service":"projects/volley-cubas-app/locations/us-central1/services/getclasificacionmostoles","timeoutSeconds":60,"environmentVariables":{"FIREBASE_CONFIG":"{\"projectId\":\"volley-cubas-app\",\"storageBucket\":\"volley-cubas-app.firebasestorage.app\"}","GCLOUD_PROJECT":"volley-cubas-app","EVENTARC_CLOUD_EVENT_SOURCE":"projects/volley-cubas-app/locations/us-central1/services/getClasificacionMostoles","FUNCTION_TARGET":"getClasificacionMostoles","LOG_EXECUTION_ID":"true","FUNCTION_SIGNATURE_TYPE":"http"},"ingressSettings":"ALLOW_ALL","uri":"https://getclasificacionmostoles-gqjjyw6b4a-uc.a.run.app","serviceAccountEmail":"218339570160-compute@developer.gserviceaccount.com","availableMemory":"256Mi","allTrafficOnLatestRevision":true,"revision":"getclasificacionmostoles-00013-lot","maxInstanceRequestConcurrency":80,"availableCpu":"1"},"state":"ACTIVE","labels":{"deployment-tool":"cli-firebase","firebase-functions-hash":"f5b9b4bdd1e2aafff86b0b6cb7de3817b7d9ee86"},"environment":"GEN_2","url":"https://us-central1-volley-cubas-app.cloudfunctions.net/getClasificacionMostoles","satisfiesPzi":true},"stages":[{"name":"BUILD","state":"NOT_STARTED"},{"name":"SERVICE","state":"NOT_STARTED"}],"operationType":"UPDATE_FUNCTION"},"done":false}
[debug] [2025-04-01T09:51:33.786Z] [update-default-us-central1-getClasificacionMostoles] Retrying task index 0
[debug] [2025-04-01T09:51:33.786Z] Checked if tokens are valid: true, expires at: 1743504397451
[debug] [2025-04-01T09:51:33.786Z] Checked if tokens are valid: true, expires at: 1743504397451
[debug] [2025-04-01T09:51:33.787Z] >>> [apiv2][query] GET https://cloudfunctions.googleapis.com/v2/projects/volley-cubas-app/locations/us-central1/operations/operation-1743501089542-631b47b1b9122-89de1d21-37aee484 [none]
[debug] [2025-04-01T09:51:34.502Z] <<< [apiv2][status] GET https://cloudfunctions.googleapis.com/v2/projects/volley-cubas-app/locations/us-central1/operations/operation-1743501089542-631b47b1b9122-89de1d21-37aee484 200
[debug] [2025-04-01T09:51:34.502Z] <<< [apiv2][body] GET https://cloudfunctions.googleapis.com/v2/projects/volley-cubas-app/locations/us-central1/operations/operation-1743501089542-631b47b1b9122-89de1d21-37aee484 {"name":"projects/volley-cubas-app/locations/us-central1/operations/operation-1743501089542-631b47b1b9122-89de1d21-37aee484","metadata":{"@type":"type.googleapis.com/google.cloud.functions.v2.OperationMetadata","createTime":"2025-04-01T09:51:30.467409988Z","target":"projects/volley-cubas-app/locations/us-central1/functions/getClasificacionMostoles","verb":"update","cancelRequested":false,"apiVersion":"v2","requestResource":{"@type":"type.googleapis.com/google.cloud.functions.v2.Function","name":"projects/volley-cubas-app/locations/us-central1/functions/getClasificacionMostoles","buildConfig":{"runtime":"nodejs22","entryPoint":"getClasificacionMostoles","source":{"storageSource":{"bucket":"gcf-v2-sources-218339570160-us-central1","object":"getClasificacionMostoles/function-source.zip","generation":"1743501090407869"}},"environmentVariables":{"GOOGLE_NODE_RUN_SCRIPTS":""},"dockerRepository":"projects/volley-cubas-app/locations/us-central1/repositories/gcf-artifacts","sourceProvenance":{"resolvedStorageSource":{"bucket":"gcf-v2-sources-218339570160-us-central1","object":"getClasificacionMostoles/function-source.zip","generation":"1743500835159252"}},"dockerRegistry":"ARTIFACT_REGISTRY","serviceAccount":"projects/volley-cubas-app/serviceAccounts/218339570160-compute@developer.gserviceaccount.com","automaticUpdatePolicy":{}},"serviceConfig":{"service":"projects/volley-cubas-app/locations/us-central1/services/getclasificacionmostoles","timeoutSeconds":60,"environmentVariables":{"FIREBASE_CONFIG":"{\"projectId\":\"volley-cubas-app\",\"storageBucket\":\"volley-cubas-app.firebasestorage.app\"}","GCLOUD_PROJECT":"volley-cubas-app","EVENTARC_CLOUD_EVENT_SOURCE":"projects/volley-cubas-app/locations/us-central1/services/getClasificacionMostoles","FUNCTION_TARGET":"getClasificacionMostoles","LOG_EXECUTION_ID":"true","FUNCTION_SIGNATURE_TYPE":"http"},"ingressSettings":"ALLOW_ALL","uri":"https://getclasificacionmostoles-gqjjyw6b4a-uc.a.run.app","serviceAccountEmail":"218339570160-compute@developer.gserviceaccount.com","availableMemory":"256Mi","allTrafficOnLatestRevision":true,"revision":"getclasificacionmostoles-00013-lot","maxInstanceRequestConcurrency":80,"availableCpu":"1"},"state":"ACTIVE","labels":{"deployment-tool":"cli-firebase","firebase-functions-hash":"f5b9b4bdd1e2aafff86b0b6cb7de3817b7d9ee86"},"environment":"GEN_2","url":"https://us-central1-volley-cubas-app.cloudfunctions.net/getClasificacionMostoles","satisfiesPzi":true},"stages":[{"name":"BUILD","message":"Build in progress","state":"IN_PROGRESS","resource":"projects/218339570160/locations/us-central1/builds/c9559603-fc8a-47a2-af35-d7ac946b1684","resourceUri":"https://console.cloud.google.com/cloud-build/builds;region=us-central1/c9559603-fc8a-47a2-af35-d7ac946b1684?project=218339570160"},{"name":"SERVICE","state":"NOT_STARTED"}],"operationType":"UPDATE_FUNCTION","buildName":"projects/218339570160/locations/us-central1/builds/c9559603-fc8a-47a2-af35-d7ac946b1684"},"done":false}
[debug] [2025-04-01T09:51:35.505Z] [update-default-us-central1-getClasificacionMostoles] Retrying task index 0
[debug] [2025-04-01T09:51:35.506Z] Checked if tokens are valid: true, expires at: 1743504397451
[debug] [2025-04-01T09:51:35.506Z] Checked if tokens are valid: true, expires at: 1743504397451
[debug] [2025-04-01T09:51:35.506Z] >>> [apiv2][query] GET https://cloudfunctions.googleapis.com/v2/projects/volley-cubas-app/locations/us-central1/operations/operation-1743501089542-631b47b1b9122-89de1d21-37aee484 [none]
[debug] [2025-04-01T09:51:36.247Z] <<< [apiv2][status] GET https://cloudfunctions.googleapis.com/v2/projects/volley-cubas-app/locations/us-central1/operations/operation-1743501089542-631b47b1b9122-89de1d21-37aee484 200
[debug] [2025-04-01T09:51:36.247Z] <<< [apiv2][body] GET https://cloudfunctions.googleapis.com/v2/projects/volley-cubas-app/locations/us-central1/operations/operation-1743501089542-631b47b1b9122-89de1d21-37aee484 {"name":"projects/volley-cubas-app/locations/us-central1/operations/operation-1743501089542-631b47b1b9122-89de1d21-37aee484","metadata":{"@type":"type.googleapis.com/google.cloud.functions.v2.OperationMetadata","createTime":"2025-04-01T09:51:30.467409988Z","target":"projects/volley-cubas-app/locations/us-central1/functions/getClasificacionMostoles","verb":"update","cancelRequested":false,"apiVersion":"v2","requestResource":{"@type":"type.googleapis.com/google.cloud.functions.v2.Function","name":"projects/volley-cubas-app/locations/us-central1/functions/getClasificacionMostoles","buildConfig":{"runtime":"nodejs22","entryPoint":"getClasificacionMostoles","source":{"storageSource":{"bucket":"gcf-v2-sources-218339570160-us-central1","object":"getClasificacionMostoles/function-source.zip","generation":"1743501090407869"}},"environmentVariables":{"GOOGLE_NODE_RUN_SCRIPTS":""},"dockerRepository":"projects/volley-cubas-app/locations/us-central1/repositories/gcf-artifacts","sourceProvenance":{"resolvedStorageSource":{"bucket":"gcf-v2-sources-218339570160-us-central1","object":"getClasificacionMostoles/function-source.zip","generation":"1743500835159252"}},"dockerRegistry":"ARTIFACT_REGISTRY","serviceAccount":"projects/volley-cubas-app/serviceAccounts/218339570160-compute@developer.gserviceaccount.com","automaticUpdatePolicy":{}},"serviceConfig":{"service":"projects/volley-cubas-app/locations/us-central1/services/getclasificacionmostoles","timeoutSeconds":60,"environmentVariables":{"FIREBASE_CONFIG":"{\"projectId\":\"volley-cubas-app\",\"storageBucket\":\"volley-cubas-app.firebasestorage.app\"}","GCLOUD_PROJECT":"volley-cubas-app","EVENTARC_CLOUD_EVENT_SOURCE":"projects/volley-cubas-app/locations/us-central1/services/getClasificacionMostoles","FUNCTION_TARGET":"getClasificacionMostoles","LOG_EXECUTION_ID":"true","FUNCTION_SIGNATURE_TYPE":"http"},"ingressSettings":"ALLOW_ALL","uri":"https://getclasificacionmostoles-gqjjyw6b4a-uc.a.run.app","serviceAccountEmail":"218339570160-compute@developer.gserviceaccount.com","availableMemory":"256Mi","allTrafficOnLatestRevision":true,"revision":"getclasificacionmostoles-00013-lot","maxInstanceRequestConcurrency":80,"availableCpu":"1"},"state":"ACTIVE","labels":{"deployment-tool":"cli-firebase","firebase-functions-hash":"f5b9b4bdd1e2aafff86b0b6cb7de3817b7d9ee86"},"environment":"GEN_2","url":"https://us-central1-volley-cubas-app.cloudfunctions.net/getClasificacionMostoles","satisfiesPzi":true},"stages":[{"name":"BUILD","message":"Build in progress","state":"IN_PROGRESS","resource":"projects/218339570160/locations/us-central1/builds/c9559603-fc8a-47a2-af35-d7ac946b1684","resourceUri":"https://console.cloud.google.com/cloud-build/builds;region=us-central1/c9559603-fc8a-47a2-af35-d7ac946b1684?project=218339570160"},{"name":"SERVICE","state":"NOT_STARTED"}],"operationType":"UPDATE_FUNCTION","buildName":"projects/218339570160/locations/us-central1/builds/c9559603-fc8a-47a2-af35-d7ac946b1684"},"done":false}
[debug] [2025-04-01T09:51:38.262Z] [update-default-us-central1-getClasificacionMostoles] Retrying task index 0
[debug] [2025-04-01T09:51:38.262Z] Checked if tokens are valid: true, expires at: 1743504397451
[debug] [2025-04-01T09:51:38.262Z] Checked if tokens are valid: true, expires at: 1743504397451
[debug] [2025-04-01T09:51:38.262Z] >>> [apiv2][query] GET https://cloudfunctions.googleapis.com/v2/projects/volley-cubas-app/locations/us-central1/operations/operation-1743501089542-631b47b1b9122-89de1d21-37aee484 [none]
[debug] [2025-04-01T09:51:38.948Z] <<< [apiv2][status] GET https://cloudfunctions.googleapis.com/v2/projects/volley-cubas-app/locations/us-central1/operations/operation-1743501089542-631b47b1b9122-89de1d21-37aee484 200
[debug] [2025-04-01T09:51:38.948Z] <<< [apiv2][body] GET https://cloudfunctions.googleapis.com/v2/projects/volley-cubas-app/locations/us-central1/operations/operation-1743501089542-631b47b1b9122-89de1d21-37aee484 {"name":"projects/volley-cubas-app/locations/us-central1/operations/operation-1743501089542-631b47b1b9122-89de1d21-37aee484","metadata":{"@type":"type.googleapis.com/google.cloud.functions.v2.OperationMetadata","createTime":"2025-04-01T09:51:30.467409988Z","target":"projects/volley-cubas-app/locations/us-central1/functions/getClasificacionMostoles","verb":"update","cancelRequested":false,"apiVersion":"v2","requestResource":{"@type":"type.googleapis.com/google.cloud.functions.v2.Function","name":"projects/volley-cubas-app/locations/us-central1/functions/getClasificacionMostoles","buildConfig":{"runtime":"nodejs22","entryPoint":"getClasificacionMostoles","source":{"storageSource":{"bucket":"gcf-v2-sources-218339570160-us-central1","object":"getClasificacionMostoles/function-source.zip","generation":"1743501090407869"}},"environmentVariables":{"GOOGLE_NODE_RUN_SCRIPTS":""},"dockerRepository":"projects/volley-cubas-app/locations/us-central1/repositories/gcf-artifacts","sourceProvenance":{"resolvedStorageSource":{"bucket":"gcf-v2-sources-218339570160-us-central1","object":"getClasificacionMostoles/function-source.zip","generation":"1743500835159252"}},"dockerRegistry":"ARTIFACT_REGISTRY","serviceAccount":"projects/volley-cubas-app/serviceAccounts/218339570160-compute@developer.gserviceaccount.com","automaticUpdatePolicy":{}},"serviceConfig":{"service":"projects/volley-cubas-app/locations/us-central1/services/getclasificacionmostoles","timeoutSeconds":60,"environmentVariables":{"FIREBASE_CONFIG":"{\"projectId\":\"volley-cubas-app\",\"storageBucket\":\"volley-cubas-app.firebasestorage.app\"}","GCLOUD_PROJECT":"volley-cubas-app","EVENTARC_CLOUD_EVENT_SOURCE":"projects/volley-cubas-app/locations/us-central1/services/getClasificacionMostoles","FUNCTION_TARGET":"getClasificacionMostoles","LOG_EXECUTION_ID":"true","FUNCTION_SIGNATURE_TYPE":"http"},"ingressSettings":"ALLOW_ALL","uri":"https://getclasificacionmostoles-gqjjyw6b4a-uc.a.run.app","serviceAccountEmail":"218339570160-compute@developer.gserviceaccount.com","availableMemory":"256Mi","allTrafficOnLatestRevision":true,"revision":"getclasificacionmostoles-00013-lot","maxInstanceRequestConcurrency":80,"availableCpu":"1"},"state":"ACTIVE","labels":{"deployment-tool":"cli-firebase","firebase-functions-hash":"f5b9b4bdd1e2aafff86b0b6cb7de3817b7d9ee86"},"environment":"GEN_2","url":"https://us-central1-volley-cubas-app.cloudfunctions.net/getClasificacionMostoles","satisfiesPzi":true},"stages":[{"name":"BUILD","message":"Build in progress","state":"IN_PROGRESS","resource":"projects/218339570160/locations/us-central1/builds/c9559603-fc8a-47a2-af35-d7ac946b1684","resourceUri":"https://console.cloud.google.com/cloud-build/builds;region=us-central1/c9559603-fc8a-47a2-af35-d7ac946b1684?project=218339570160"},{"name":"SERVICE","state":"NOT_STARTED"}],"operationType":"UPDATE_FUNCTION","buildName":"projects/218339570160/locations/us-central1/builds/c9559603-fc8a-47a2-af35-d7ac946b1684"},"done":false}
[debug] [2025-04-01T09:51:42.952Z] [update-default-us-central1-getClasificacionMostoles] Retrying task index 0
[debug] [2025-04-01T09:51:42.952Z] Checked if tokens are valid: true, expires at: 1743504397451
[debug] [2025-04-01T09:51:42.952Z] Checked if tokens are valid: true, expires at: 1743504397451
[debug] [2025-04-01T09:51:42.953Z] >>> [apiv2][query] GET https://cloudfunctions.googleapis.com/v2/projects/volley-cubas-app/locations/us-central1/operations/operation-1743501089542-631b47b1b9122-89de1d21-37aee484 [none]
[debug] [2025-04-01T09:51:43.168Z] <<< [apiv2][status] GET https://cloudfunctions.googleapis.com/v2/projects/volley-cubas-app/locations/us-central1/operations/operation-1743501089542-631b47b1b9122-89de1d21-37aee484 200
[debug] [2025-04-01T09:51:43.168Z] <<< [apiv2][body] GET https://cloudfunctions.googleapis.com/v2/projects/volley-cubas-app/locations/us-central1/operations/operation-1743501089542-631b47b1b9122-89de1d21-37aee484 {"name":"projects/volley-cubas-app/locations/us-central1/operations/operation-1743501089542-631b47b1b9122-89de1d21-37aee484","metadata":{"@type":"type.googleapis.com/google.cloud.functions.v2.OperationMetadata","createTime":"2025-04-01T09:51:30.467409988Z","target":"projects/volley-cubas-app/locations/us-central1/functions/getClasificacionMostoles","verb":"update","cancelRequested":false,"apiVersion":"v2","requestResource":{"@type":"type.googleapis.com/google.cloud.functions.v2.Function","name":"projects/volley-cubas-app/locations/us-central1/functions/getClasificacionMostoles","buildConfig":{"runtime":"nodejs22","entryPoint":"getClasificacionMostoles","source":{"storageSource":{"bucket":"gcf-v2-sources-218339570160-us-central1","object":"getClasificacionMostoles/function-source.zip","generation":"1743501090407869"}},"environmentVariables":{"GOOGLE_NODE_RUN_SCRIPTS":""},"dockerRepository":"projects/volley-cubas-app/locations/us-central1/repositories/gcf-artifacts","sourceProvenance":{"resolvedStorageSource":{"bucket":"gcf-v2-sources-218339570160-us-central1","object":"getClasificacionMostoles/function-source.zip","generation":"1743500835159252"}},"dockerRegistry":"ARTIFACT_REGISTRY","serviceAccount":"projects/volley-cubas-app/serviceAccounts/218339570160-compute@developer.gserviceaccount.com","automaticUpdatePolicy":{}},"serviceConfig":{"service":"projects/volley-cubas-app/locations/us-central1/services/getclasificacionmostoles","timeoutSeconds":60,"environmentVariables":{"FIREBASE_CONFIG":"{\"projectId\":\"volley-cubas-app\",\"storageBucket\":\"volley-cubas-app.firebasestorage.app\"}","GCLOUD_PROJECT":"volley-cubas-app","EVENTARC_CLOUD_EVENT_SOURCE":"projects/volley-cubas-app/locations/us-central1/services/getClasificacionMostoles","FUNCTION_TARGET":"getClasificacionMostoles","LOG_EXECUTION_ID":"true","FUNCTION_SIGNATURE_TYPE":"http"},"ingressSettings":"ALLOW_ALL","uri":"https://getclasificacionmostoles-gqjjyw6b4a-uc.a.run.app","serviceAccountEmail":"218339570160-compute@developer.gserviceaccount.com","availableMemory":"256Mi","allTrafficOnLatestRevision":true,"revision":"getclasificacionmostoles-00013-lot","maxInstanceRequestConcurrency":80,"availableCpu":"1"},"state":"ACTIVE","labels":{"deployment-tool":"cli-firebase","firebase-functions-hash":"f5b9b4bdd1e2aafff86b0b6cb7de3817b7d9ee86"},"environment":"GEN_2","url":"https://us-central1-volley-cubas-app.cloudfunctions.net/getClasificacionMostoles","satisfiesPzi":true},"stages":[{"name":"BUILD","message":"Build in progress","state":"IN_PROGRESS","resource":"projects/218339570160/locations/us-central1/builds/c9559603-fc8a-47a2-af35-d7ac946b1684","resourceUri":"https://console.cloud.google.com/cloud-build/builds;region=us-central1/c9559603-fc8a-47a2-af35-d7ac946b1684?project=218339570160"},{"name":"SERVICE","state":"NOT_STARTED"}],"operationType":"UPDATE_FUNCTION","buildName":"projects/218339570160/locations/us-central1/builds/c9559603-fc8a-47a2-af35-d7ac946b1684"},"done":false}
[debug] [2025-04-01T09:51:51.180Z] [update-default-us-central1-getClasificacionMostoles] Retrying task index 0
[debug] [2025-04-01T09:51:51.180Z] Checked if tokens are valid: true, expires at: 1743504397451
[debug] [2025-04-01T09:51:51.180Z] Checked if tokens are valid: true, expires at: 1743504397451
[debug] [2025-04-01T09:51:51.181Z] >>> [apiv2][query] GET https://cloudfunctions.googleapis.com/v2/projects/volley-cubas-app/locations/us-central1/operations/operation-1743501089542-631b47b1b9122-89de1d21-37aee484 [none]
[debug] [2025-04-01T09:51:51.973Z] <<< [apiv2][status] GET https://cloudfunctions.googleapis.com/v2/projects/volley-cubas-app/locations/us-central1/operations/operation-1743501089542-631b47b1b9122-89de1d21-37aee484 200
[debug] [2025-04-01T09:51:51.973Z] <<< [apiv2][body] GET https://cloudfunctions.googleapis.com/v2/projects/volley-cubas-app/locations/us-central1/operations/operation-1743501089542-631b47b1b9122-89de1d21-37aee484 {"name":"projects/volley-cubas-app/locations/us-central1/operations/operation-1743501089542-631b47b1b9122-89de1d21-37aee484","metadata":{"@type":"type.googleapis.com/google.cloud.functions.v2.OperationMetadata","createTime":"2025-04-01T09:51:30.467409988Z","target":"projects/volley-cubas-app/locations/us-central1/functions/getClasificacionMostoles","verb":"update","cancelRequested":false,"apiVersion":"v2","requestResource":{"@type":"type.googleapis.com/google.cloud.functions.v2.Function","name":"projects/volley-cubas-app/locations/us-central1/functions/getClasificacionMostoles","buildConfig":{"runtime":"nodejs22","entryPoint":"getClasificacionMostoles","source":{"storageSource":{"bucket":"gcf-v2-sources-218339570160-us-central1","object":"getClasificacionMostoles/function-source.zip","generation":"1743501090407869"}},"environmentVariables":{"GOOGLE_NODE_RUN_SCRIPTS":""},"dockerRepository":"projects/volley-cubas-app/locations/us-central1/repositories/gcf-artifacts","sourceProvenance":{"resolvedStorageSource":{"bucket":"gcf-v2-sources-218339570160-us-central1","object":"getClasificacionMostoles/function-source.zip","generation":"1743500835159252"}},"dockerRegistry":"ARTIFACT_REGISTRY","serviceAccount":"projects/volley-cubas-app/serviceAccounts/218339570160-compute@developer.gserviceaccount.com","automaticUpdatePolicy":{}},"serviceConfig":{"service":"projects/volley-cubas-app/locations/us-central1/services/getclasificacionmostoles","timeoutSeconds":60,"environmentVariables":{"FIREBASE_CONFIG":"{\"projectId\":\"volley-cubas-app\",\"storageBucket\":\"volley-cubas-app.firebasestorage.app\"}","GCLOUD_PROJECT":"volley-cubas-app","EVENTARC_CLOUD_EVENT_SOURCE":"projects/volley-cubas-app/locations/us-central1/services/getClasificacionMostoles","FUNCTION_TARGET":"getClasificacionMostoles","LOG_EXECUTION_ID":"true","FUNCTION_SIGNATURE_TYPE":"http"},"ingressSettings":"ALLOW_ALL","uri":"https://getclasificacionmostoles-gqjjyw6b4a-uc.a.run.app","serviceAccountEmail":"218339570160-compute@developer.gserviceaccount.com","availableMemory":"256Mi","allTrafficOnLatestRevision":true,"revision":"getclasificacionmostoles-00013-lot","maxInstanceRequestConcurrency":80,"availableCpu":"1"},"state":"ACTIVE","labels":{"deployment-tool":"cli-firebase","firebase-functions-hash":"f5b9b4bdd1e2aafff86b0b6cb7de3817b7d9ee86"},"environment":"GEN_2","url":"https://us-central1-volley-cubas-app.cloudfunctions.net/getClasificacionMostoles","satisfiesPzi":true},"stages":[{"name":"BUILD","message":"Build in progress","state":"IN_PROGRESS","resource":"projects/218339570160/locations/us-central1/builds/c9559603-fc8a-47a2-af35-d7ac946b1684","resourceUri":"https://console.cloud.google.com/cloud-build/builds;region=us-central1/c9559603-fc8a-47a2-af35-d7ac946b1684?project=218339570160"},{"name":"SERVICE","state":"NOT_STARTED"}],"operationType":"UPDATE_FUNCTION","buildName":"projects/218339570160/locations/us-central1/builds/c9559603-fc8a-47a2-af35-d7ac946b1684"},"done":false}
[debug] [2025-04-01T09:52:01.987Z] [update-default-us-central1-getClasificacionMostoles] Retrying task index 0
[debug] [2025-04-01T09:52:01.987Z] Checked if tokens are valid: true, expires at: 1743504397451
[debug] [2025-04-01T09:52:01.987Z] Checked if tokens are valid: true, expires at: 1743504397451
[debug] [2025-04-01T09:52:01.988Z] >>> [apiv2][query] GET https://cloudfunctions.googleapis.com/v2/projects/volley-cubas-app/locations/us-central1/operations/operation-1743501089542-631b47b1b9122-89de1d21-37aee484 [none]
[debug] [2025-04-01T09:52:02.446Z] <<< [apiv2][status] GET https://cloudfunctions.googleapis.com/v2/projects/volley-cubas-app/locations/us-central1/operations/operation-1743501089542-631b47b1b9122-89de1d21-37aee484 200
[debug] [2025-04-01T09:52:02.446Z] <<< [apiv2][body] GET https://cloudfunctions.googleapis.com/v2/projects/volley-cubas-app/locations/us-central1/operations/operation-1743501089542-631b47b1b9122-89de1d21-37aee484 {"name":"projects/volley-cubas-app/locations/us-central1/operations/operation-1743501089542-631b47b1b9122-89de1d21-37aee484","metadata":{"@type":"type.googleapis.com/google.cloud.functions.v2.OperationMetadata","createTime":"2025-04-01T09:51:30.467409988Z","target":"projects/volley-cubas-app/locations/us-central1/functions/getClasificacionMostoles","verb":"update","cancelRequested":false,"apiVersion":"v2","requestResource":{"@type":"type.googleapis.com/google.cloud.functions.v2.Function","name":"projects/volley-cubas-app/locations/us-central1/functions/getClasificacionMostoles","buildConfig":{"runtime":"nodejs22","entryPoint":"getClasificacionMostoles","source":{"storageSource":{"bucket":"gcf-v2-sources-218339570160-us-central1","object":"getClasificacionMostoles/function-source.zip","generation":"1743501090407869"}},"environmentVariables":{"GOOGLE_NODE_RUN_SCRIPTS":""},"dockerRepository":"projects/volley-cubas-app/locations/us-central1/repositories/gcf-artifacts","sourceProvenance":{"resolvedStorageSource":{"bucket":"gcf-v2-sources-218339570160-us-central1","object":"getClasificacionMostoles/function-source.zip","generation":"1743500835159252"}},"dockerRegistry":"ARTIFACT_REGISTRY","serviceAccount":"projects/volley-cubas-app/serviceAccounts/218339570160-compute@developer.gserviceaccount.com","automaticUpdatePolicy":{}},"serviceConfig":{"service":"projects/volley-cubas-app/locations/us-central1/services/getclasificacionmostoles","timeoutSeconds":60,"environmentVariables":{"FIREBASE_CONFIG":"{\"projectId\":\"volley-cubas-app\",\"storageBucket\":\"volley-cubas-app.firebasestorage.app\"}","GCLOUD_PROJECT":"volley-cubas-app","EVENTARC_CLOUD_EVENT_SOURCE":"projects/volley-cubas-app/locations/us-central1/services/getClasificacionMostoles","FUNCTION_TARGET":"getClasificacionMostoles","LOG_EXECUTION_ID":"true","FUNCTION_SIGNATURE_TYPE":"http"},"ingressSettings":"ALLOW_ALL","uri":"https://getclasificacionmostoles-gqjjyw6b4a-uc.a.run.app","serviceAccountEmail":"218339570160-compute@developer.gserviceaccount.com","availableMemory":"256Mi","allTrafficOnLatestRevision":true,"revision":"getclasificacionmostoles-00013-lot","maxInstanceRequestConcurrency":80,"availableCpu":"1"},"state":"ACTIVE","labels":{"deployment-tool":"cli-firebase","firebase-functions-hash":"f5b9b4bdd1e2aafff86b0b6cb7de3817b7d9ee86"},"environment":"GEN_2","url":"https://us-central1-volley-cubas-app.cloudfunctions.net/getClasificacionMostoles","satisfiesPzi":true},"stages":[{"name":"BUILD","message":"Build in progress","state":"IN_PROGRESS","resource":"projects/218339570160/locations/us-central1/builds/c9559603-fc8a-47a2-af35-d7ac946b1684","resourceUri":"https://console.cloud.google.com/cloud-build/builds;region=us-central1/c9559603-fc8a-47a2-af35-d7ac946b1684?project=218339570160"},{"name":"SERVICE","state":"NOT_STARTED"}],"operationType":"UPDATE_FUNCTION","buildName":"projects/218339570160/locations/us-central1/builds/c9559603-fc8a-47a2-af35-d7ac946b1684"},"done":false}
[debug] [2025-04-01T09:52:12.447Z] [update-default-us-central1-getClasificacionMostoles] Retrying task index 0
[debug] [2025-04-01T09:52:12.448Z] Checked if tokens are valid: true, expires at: 1743504397451
[debug] [2025-04-01T09:52:12.448Z] Checked if tokens are valid: true, expires at: 1743504397451
[debug] [2025-04-01T09:52:12.448Z] >>> [apiv2][query] GET https://cloudfunctions.googleapis.com/v2/projects/volley-cubas-app/locations/us-central1/operations/operation-1743501089542-631b47b1b9122-89de1d21-37aee484 [none]
[debug] [2025-04-01T09:52:13.532Z] <<< [apiv2][status] GET https://cloudfunctions.googleapis.com/v2/projects/volley-cubas-app/locations/us-central1/operations/operation-1743501089542-631b47b1b9122-89de1d21-37aee484 200
[debug] [2025-04-01T09:52:13.532Z] <<< [apiv2][body] GET https://cloudfunctions.googleapis.com/v2/projects/volley-cubas-app/locations/us-central1/operations/operation-1743501089542-631b47b1b9122-89de1d21-37aee484 {"name":"projects/volley-cubas-app/locations/us-central1/operations/operation-1743501089542-631b47b1b9122-89de1d21-37aee484","metadata":{"@type":"type.googleapis.com/google.cloud.functions.v2.OperationMetadata","createTime":"2025-04-01T09:51:30.467409988Z","target":"projects/volley-cubas-app/locations/us-central1/functions/getClasificacionMostoles","verb":"update","cancelRequested":false,"apiVersion":"v2","requestResource":{"@type":"type.googleapis.com/google.cloud.functions.v2.Function","name":"projects/volley-cubas-app/locations/us-central1/functions/getClasificacionMostoles","buildConfig":{"runtime":"nodejs22","entryPoint":"getClasificacionMostoles","source":{"storageSource":{"bucket":"gcf-v2-sources-218339570160-us-central1","object":"getClasificacionMostoles/function-source.zip","generation":"1743501090407869"}},"environmentVariables":{"GOOGLE_NODE_RUN_SCRIPTS":""},"dockerRepository":"projects/volley-cubas-app/locations/us-central1/repositories/gcf-artifacts","sourceProvenance":{"resolvedStorageSource":{"bucket":"gcf-v2-sources-218339570160-us-central1","object":"getClasificacionMostoles/function-source.zip","generation":"1743500835159252"}},"dockerRegistry":"ARTIFACT_REGISTRY","serviceAccount":"projects/volley-cubas-app/serviceAccounts/218339570160-compute@developer.gserviceaccount.com","automaticUpdatePolicy":{}},"serviceConfig":{"service":"projects/volley-cubas-app/locations/us-central1/services/getclasificacionmostoles","timeoutSeconds":60,"environmentVariables":{"FIREBASE_CONFIG":"{\"projectId\":\"volley-cubas-app\",\"storageBucket\":\"volley-cubas-app.firebasestorage.app\"}","GCLOUD_PROJECT":"volley-cubas-app","EVENTARC_CLOUD_EVENT_SOURCE":"projects/volley-cubas-app/locations/us-central1/services/getClasificacionMostoles","FUNCTION_TARGET":"getClasificacionMostoles","LOG_EXECUTION_ID":"true","FUNCTION_SIGNATURE_TYPE":"http"},"ingressSettings":"ALLOW_ALL","uri":"https://getclasificacionmostoles-gqjjyw6b4a-uc.a.run.app","serviceAccountEmail":"218339570160-compute@developer.gserviceaccount.com","availableMemory":"256Mi","allTrafficOnLatestRevision":true,"revision":"getclasificacionmostoles-00013-lot","maxInstanceRequestConcurrency":80,"availableCpu":"1"},"state":"ACTIVE","labels":{"deployment-tool":"cli-firebase","firebase-functions-hash":"f5b9b4bdd1e2aafff86b0b6cb7de3817b7d9ee86"},"environment":"GEN_2","url":"https://us-central1-volley-cubas-app.cloudfunctions.net/getClasificacionMostoles","satisfiesPzi":true},"stages":[{"name":"BUILD","message":"Build in progress","state":"IN_PROGRESS","resource":"projects/218339570160/locations/us-central1/builds/c9559603-fc8a-47a2-af35-d7ac946b1684","resourceUri":"https://console.cloud.google.com/cloud-build/builds;region=us-central1/c9559603-fc8a-47a2-af35-d7ac946b1684?project=218339570160"},{"name":"SERVICE","state":"NOT_STARTED"}],"operationType":"UPDATE_FUNCTION","buildName":"projects/218339570160/locations/us-central1/builds/c9559603-fc8a-47a2-af35-d7ac946b1684"},"done":false}
[debug] [2025-04-01T09:52:23.539Z] [update-default-us-central1-getClasificacionMostoles] Retrying task index 0
[debug] [2025-04-01T09:52:23.539Z] Checked if tokens are valid: true, expires at: 1743504397451
[debug] [2025-04-01T09:52:23.540Z] Checked if tokens are valid: true, expires at: 1743504397451
[debug] [2025-04-01T09:52:23.540Z] >>> [apiv2][query] GET https://cloudfunctions.googleapis.com/v2/projects/volley-cubas-app/locations/us-central1/operations/operation-1743501089542-631b47b1b9122-89de1d21-37aee484 [none]
[debug] [2025-04-01T09:52:24.305Z] <<< [apiv2][status] GET https://cloudfunctions.googleapis.com/v2/projects/volley-cubas-app/locations/us-central1/operations/operation-1743501089542-631b47b1b9122-89de1d21-37aee484 200
[debug] [2025-04-01T09:52:24.305Z] <<< [apiv2][body] GET https://cloudfunctions.googleapis.com/v2/projects/volley-cubas-app/locations/us-central1/operations/operation-1743501089542-631b47b1b9122-89de1d21-37aee484 {"name":"projects/volley-cubas-app/locations/us-central1/operations/operation-1743501089542-631b47b1b9122-89de1d21-37aee484","metadata":{"@type":"type.googleapis.com/google.cloud.functions.v2.OperationMetadata","createTime":"2025-04-01T09:51:30.467409988Z","target":"projects/volley-cubas-app/locations/us-central1/functions/getClasificacionMostoles","verb":"update","cancelRequested":false,"apiVersion":"v2","requestResource":{"@type":"type.googleapis.com/google.cloud.functions.v2.Function","name":"projects/volley-cubas-app/locations/us-central1/functions/getClasificacionMostoles","buildConfig":{"runtime":"nodejs22","entryPoint":"getClasificacionMostoles","source":{"storageSource":{"bucket":"gcf-v2-sources-218339570160-us-central1","object":"getClasificacionMostoles/function-source.zip","generation":"1743501090407869"}},"environmentVariables":{"GOOGLE_NODE_RUN_SCRIPTS":""},"dockerRepository":"projects/volley-cubas-app/locations/us-central1/repositories/gcf-artifacts","sourceProvenance":{"resolvedStorageSource":{"bucket":"gcf-v2-sources-218339570160-us-central1","object":"getClasificacionMostoles/function-source.zip","generation":"1743500835159252"}},"dockerRegistry":"ARTIFACT_REGISTRY","serviceAccount":"projects/volley-cubas-app/serviceAccounts/218339570160-compute@developer.gserviceaccount.com","automaticUpdatePolicy":{}},"serviceConfig":{"service":"projects/volley-cubas-app/locations/us-central1/services/getclasificacionmostoles","timeoutSeconds":60,"environmentVariables":{"FIREBASE_CONFIG":"{\"projectId\":\"volley-cubas-app\",\"storageBucket\":\"volley-cubas-app.firebasestorage.app\"}","GCLOUD_PROJECT":"volley-cubas-app","EVENTARC_CLOUD_EVENT_SOURCE":"projects/volley-cubas-app/locations/us-central1/services/getClasificacionMostoles","FUNCTION_TARGET":"getClasificacionMostoles","LOG_EXECUTION_ID":"true","FUNCTION_SIGNATURE_TYPE":"http"},"ingressSettings":"ALLOW_ALL","uri":"https://getclasificacionmostoles-gqjjyw6b4a-uc.a.run.app","serviceAccountEmail":"218339570160-compute@developer.gserviceaccount.com","availableMemory":"256Mi","allTrafficOnLatestRevision":true,"revision":"getclasificacionmostoles-00013-lot","maxInstanceRequestConcurrency":80,"availableCpu":"1"},"state":"ACTIVE","labels":{"deployment-tool":"cli-firebase","firebase-functions-hash":"f5b9b4bdd1e2aafff86b0b6cb7de3817b7d9ee86"},"environment":"GEN_2","url":"https://us-central1-volley-cubas-app.cloudfunctions.net/getClasificacionMostoles","satisfiesPzi":true},"stages":[{"name":"BUILD","message":"Build finished","state":"COMPLETE","resource":"projects/218339570160/locations/us-central1/builds/c9559603-fc8a-47a2-af35-d7ac946b1684","resourceUri":"https://console.cloud.google.com/cloud-build/builds;region=us-central1/c9559603-fc8a-47a2-af35-d7ac946b1684?project=218339570160"},{"name":"SERVICE","message":"Updating Cloud Run service","state":"IN_PROGRESS","resource":"projects/volley-cubas-app/locations/us-central1/services/getclasificacionmostoles","resourceUri":"https://console.cloud.google.com/run/detail/us-central1/getclasificacionmostoles?project=volley-cubas-app","stateMessages":[{"severity":"INFO","type":"CloudRunServiceNewRevisionTrafficInfo","message":"A new revision will be deployed serving with 100% traffic."}]}],"sourceToken":"Cldwcm9qZWN0cy8yMTgzMzk1NzAxNjAvbG9jYXRpb25zL3VzLWNlbnRyYWwxL2J1aWxkcy9jOTU1OTYwMy1mYzhhLTQ3YTItYWYzNS1kN2FjOTQ2YjE2ODQSgAF1cy1jZW50cmFsMS1kb2NrZXIucGtnLmRldi92b2xsZXktY3ViYXMtYXBwL2djZi1hcnRpZmFjdHMvdm9sbGV5LS1jdWJhcy0tYXBwX191cy0tY2VudHJhbDFfX2dldF9jbGFzaWZpY2FjaW9uX21vc3RvbGVzOnZlcnNpb25fMRjw47WwrQYiUnByb2plY3RzL3ZvbGxleS1jdWJhcy1hcHAvbG9jYXRpb25zL3VzLWNlbnRyYWwxL2Z1bmN0aW9ucy9nZXRDbGFzaWZpY2FjaW9uTW9zdG9sZXMqCwjP7q6/BhCgsZEiMghub2RlanMyMjp2CiNnY3IuaW8vZ2FlLXJ1bnRpbWVzL25vZGVqczIyOnN0YWJsZRJPdXMtY2VudHJhbDEtZG9ja2VyLnBrZy5kZXYvc2VydmVybGVzcy1ydW50aW1lcy9nb29nbGUtMjItZnVsbC9ydW50aW1lcy9ub2RlanMyMkAB","operationType":"UPDATE_FUNCTION","buildName":"projects/218339570160/locations/us-central1/builds/c9559603-fc8a-47a2-af35-d7ac946b1684"},"done":false}
[debug] [2025-04-01T09:52:24.306Z] Got source token Cldwcm9qZWN0cy8yMTgzMzk1NzAxNjAvbG9jYXRpb25zL3VzLWNlbnRyYWwxL2J1aWxkcy9jOTU1OTYwMy1mYzhhLTQ3YTItYWYzNS1kN2FjOTQ2YjE2ODQSgAF1cy1jZW50cmFsMS1kb2NrZXIucGtnLmRldi92b2xsZXktY3ViYXMtYXBwL2djZi1hcnRpZmFjdHMvdm9sbGV5LS1jdWJhcy0tYXBwX191cy0tY2VudHJhbDFfX2dldF9jbGFzaWZpY2FjaW9uX21vc3RvbGVzOnZlcnNpb25fMRjw47WwrQYiUnByb2plY3RzL3ZvbGxleS1jdWJhcy1hcHAvbG9jYXRpb25zL3VzLWNlbnRyYWwxL2Z1bmN0aW9ucy9nZXRDbGFzaWZpY2FjaW9uTW9zdG9sZXMqCwjP7q6/BhCgsZEiMghub2RlanMyMjp2CiNnY3IuaW8vZ2FlLXJ1bnRpbWVzL25vZGVqczIyOnN0YWJsZRJPdXMtY2VudHJhbDEtZG9ja2VyLnBrZy5kZXYvc2VydmVybGVzcy1ydW50aW1lcy9nb29nbGUtMjItZnVsbC9ydW50aW1lcy9ub2RlanMyMkAB for region us-central1
[debug] [2025-04-01T09:52:34.313Z] [update-default-us-central1-getClasificacionMostoles] Retrying task index 0
[debug] [2025-04-01T09:52:34.314Z] Checked if tokens are valid: true, expires at: 1743504397451
[debug] [2025-04-01T09:52:34.314Z] Checked if tokens are valid: true, expires at: 1743504397451
[debug] [2025-04-01T09:52:34.314Z] >>> [apiv2][query] GET https://cloudfunctions.googleapis.com/v2/projects/volley-cubas-app/locations/us-central1/operations/operation-1743501089542-631b47b1b9122-89de1d21-37aee484 [none]
[debug] [2025-04-01T09:52:35.111Z] <<< [apiv2][status] GET https://cloudfunctions.googleapis.com/v2/projects/volley-cubas-app/locations/us-central1/operations/operation-1743501089542-631b47b1b9122-89de1d21-37aee484 200
[debug] [2025-04-01T09:52:35.112Z] <<< [apiv2][body] GET https://cloudfunctions.googleapis.com/v2/projects/volley-cubas-app/locations/us-central1/operations/operation-1743501089542-631b47b1b9122-89de1d21-37aee484 {"name":"projects/volley-cubas-app/locations/us-central1/operations/operation-1743501089542-631b47b1b9122-89de1d21-37aee484","metadata":{"@type":"type.googleapis.com/google.cloud.functions.v2.OperationMetadata","createTime":"2025-04-01T09:51:30.467409988Z","endTime":"2025-04-01T09:52:28.579638617Z","target":"projects/volley-cubas-app/locations/us-central1/functions/getClasificacionMostoles","verb":"update","cancelRequested":false,"apiVersion":"v2","requestResource":{"@type":"type.googleapis.com/google.cloud.functions.v2.Function","name":"projects/volley-cubas-app/locations/us-central1/functions/getClasificacionMostoles","buildConfig":{"runtime":"nodejs22","entryPoint":"getClasificacionMostoles","source":{"storageSource":{"bucket":"gcf-v2-sources-218339570160-us-central1","object":"getClasificacionMostoles/function-source.zip","generation":"1743501090407869"}},"environmentVariables":{"GOOGLE_NODE_RUN_SCRIPTS":""},"dockerRepository":"projects/volley-cubas-app/locations/us-central1/repositories/gcf-artifacts","sourceProvenance":{"resolvedStorageSource":{"bucket":"gcf-v2-sources-218339570160-us-central1","object":"getClasificacionMostoles/function-source.zip","generation":"1743500835159252"}},"dockerRegistry":"ARTIFACT_REGISTRY","serviceAccount":"projects/volley-cubas-app/serviceAccounts/218339570160-compute@developer.gserviceaccount.com","automaticUpdatePolicy":{}},"serviceConfig":{"service":"projects/volley-cubas-app/locations/us-central1/services/getclasificacionmostoles","timeoutSeconds":60,"environmentVariables":{"FIREBASE_CONFIG":"{\"projectId\":\"volley-cubas-app\",\"storageBucket\":\"volley-cubas-app.firebasestorage.app\"}","GCLOUD_PROJECT":"volley-cubas-app","EVENTARC_CLOUD_EVENT_SOURCE":"projects/volley-cubas-app/locations/us-central1/services/getClasificacionMostoles","FUNCTION_TARGET":"getClasificacionMostoles","LOG_EXECUTION_ID":"true","FUNCTION_SIGNATURE_TYPE":"http"},"ingressSettings":"ALLOW_ALL","uri":"https://getclasificacionmostoles-gqjjyw6b4a-uc.a.run.app","serviceAccountEmail":"218339570160-compute@developer.gserviceaccount.com","availableMemory":"256Mi","allTrafficOnLatestRevision":true,"revision":"getclasificacionmostoles-00013-lot","maxInstanceRequestConcurrency":80,"availableCpu":"1"},"state":"ACTIVE","labels":{"deployment-tool":"cli-firebase","firebase-functions-hash":"f5b9b4bdd1e2aafff86b0b6cb7de3817b7d9ee86"},"environment":"GEN_2","url":"https://us-central1-volley-cubas-app.cloudfunctions.net/getClasificacionMostoles","satisfiesPzi":true},"stages":[{"name":"BUILD","message":"Build finished","state":"COMPLETE","resource":"projects/218339570160/locations/us-central1/builds/c9559603-fc8a-47a2-af35-d7ac946b1684","resourceUri":"https://console.cloud.google.com/cloud-build/builds;region=us-central1/c9559603-fc8a-47a2-af35-d7ac946b1684?project=218339570160"},{"name":"SERVICE","message":"Updating Cloud Run service","state":"COMPLETE","resource":"projects/volley-cubas-app/locations/us-central1/services/getclasificacionmostoles","resourceUri":"https://console.cloud.google.com/run/detail/us-central1/getclasificacionmostoles?project=volley-cubas-app","stateMessages":[{"severity":"INFO","type":"CloudRunServiceNewRevisionTrafficInfo","message":"A new revision will be deployed serving with 100% traffic."}]}],"sourceToken":"Cldwcm9qZWN0cy8yMTgzMzk1NzAxNjAvbG9jYXRpb25zL3VzLWNlbnRyYWwxL2J1aWxkcy9jOTU1OTYwMy1mYzhhLTQ3YTItYWYzNS1kN2FjOTQ2YjE2ODQSgAF1cy1jZW50cmFsMS1kb2NrZXIucGtnLmRldi92b2xsZXktY3ViYXMtYXBwL2djZi1hcnRpZmFjdHMvdm9sbGV5LS1jdWJhcy0tYXBwX191cy0tY2VudHJhbDFfX2dldF9jbGFzaWZpY2FjaW9uX21vc3RvbGVzOnZlcnNpb25fMRjw47WwrQYiUnByb2plY3RzL3ZvbGxleS1jdWJhcy1hcHAvbG9jYXRpb25zL3VzLWNlbnRyYWwxL2Z1bmN0aW9ucy9nZXRDbGFzaWZpY2FjaW9uTW9zdG9sZXMqCwjP7q6/BhCgsZEiMghub2RlanMyMjp2CiNnY3IuaW8vZ2FlLXJ1bnRpbWVzL25vZGVqczIyOnN0YWJsZRJPdXMtY2VudHJhbDEtZG9ja2VyLnBrZy5kZXYvc2VydmVybGVzcy1ydW50aW1lcy9nb29nbGUtMjItZnVsbC9ydW50aW1lcy9ub2RlanMyMkAB","operationType":"UPDATE_FUNCTION","buildName":"projects/218339570160/locations/us-central1/builds/c9559603-fc8a-47a2-af35-d7ac946b1684"},"done":true,"response":{"@type":"type.googleapis.com/google.cloud.functions.v2.Function","name":"projects/volley-cubas-app/locations/us-central1/functions/getClasificacionMostoles","buildConfig":{"build":"projects/218339570160/locations/us-central1/builds/c9559603-fc8a-47a2-af35-d7ac946b1684","runtime":"nodejs22","entryPoint":"getClasificacionMostoles","source":{"storageSource":{"bucket":"gcf-v2-sources-218339570160-us-central1","object":"getClasificacionMostoles/function-source.zip","generation":"1743501090407869"}},"environmentVariables":{"GOOGLE_NODE_RUN_SCRIPTS":""},"dockerRepository":"projects/volley-cubas-app/locations/us-central1/repositories/gcf-artifacts","sourceProvenance":{"resolvedStorageSource":{"bucket":"gcf-v2-sources-218339570160-us-central1","object":"getClasificacionMostoles/function-source.zip","generation":"1743501090407869"}},"dockerRegistry":"ARTIFACT_REGISTRY","serviceAccount":"projects/volley-cubas-app/serviceAccounts/218339570160-compute@developer.gserviceaccount.com","automaticUpdatePolicy":{}},"serviceConfig":{"service":"projects/volley-cubas-app/locations/us-central1/services/getclasificacionmostoles","timeoutSeconds":60,"environmentVariables":{"FIREBASE_CONFIG":"{\"projectId\":\"volley-cubas-app\",\"storageBucket\":\"volley-cubas-app.firebasestorage.app\"}","GCLOUD_PROJECT":"volley-cubas-app","EVENTARC_CLOUD_EVENT_SOURCE":"projects/volley-cubas-app/locations/us-central1/services/getClasificacionMostoles","FUNCTION_TARGET":"getClasificacionMostoles","LOG_EXECUTION_ID":"true","FUNCTION_SIGNATURE_TYPE":"http"},"maxInstanceCount":100,"ingressSettings":"ALLOW_ALL","uri":"https://getclasificacionmostoles-gqjjyw6b4a-uc.a.run.app","serviceAccountEmail":"218339570160-compute@developer.gserviceaccount.com","availableMemory":"256Mi","allTrafficOnLatestRevision":true,"revision":"getclasificacionmostoles-00014-qiy","maxInstanceRequestConcurrency":80,"availableCpu":"1"},"state":"ACTIVE","updateTime":"2025-04-01T09:51:30.469405599Z","labels":{"deployment-tool":"cli-firebase","firebase-functions-hash":"f5b9b4bdd1e2aafff86b0b6cb7de3817b7d9ee86"},"environment":"GEN_2","url":"https://us-central1-volley-cubas-app.cloudfunctions.net/getClasificacionMostoles","createTime":"2025-03-31T15:17:10.418611398Z","satisfiesPzi":true}}
[debug] [2025-04-01T09:52:35.112Z] Got source token Cldwcm9qZWN0cy8yMTgzMzk1NzAxNjAvbG9jYXRpb25zL3VzLWNlbnRyYWwxL2J1aWxkcy9jOTU1OTYwMy1mYzhhLTQ3YTItYWYzNS1kN2FjOTQ2YjE2ODQSgAF1cy1jZW50cmFsMS1kb2NrZXIucGtnLmRldi92b2xsZXktY3ViYXMtYXBwL2djZi1hcnRpZmFjdHMvdm9sbGV5LS1jdWJhcy0tYXBwX191cy0tY2VudHJhbDFfX2dldF9jbGFzaWZpY2FjaW9uX21vc3RvbGVzOnZlcnNpb25fMRjw47WwrQYiUnByb2plY3RzL3ZvbGxleS1jdWJhcy1hcHAvbG9jYXRpb25zL3VzLWNlbnRyYWwxL2Z1bmN0aW9ucy9nZXRDbGFzaWZpY2FjaW9uTW9zdG9sZXMqCwjP7q6/BhCgsZEiMghub2RlanMyMjp2CiNnY3IuaW8vZ2FlLXJ1bnRpbWVzL25vZGVqczIyOnN0YWJsZRJPdXMtY2VudHJhbDEtZG9ja2VyLnBrZy5kZXYvc2VydmVybGVzcy1ydW50aW1lcy9nb29nbGUtMjItZnVsbC9ydW50aW1lcy9ub2RlanMyMkAB for region us-central1
[info] +  functions[getClasificacionMostoles(us-central1)] Successful update operation. 
[debug] [2025-04-01T09:52:35.123Z] Total Function Deployment time: 64220
[debug] [2025-04-01T09:52:35.124Z] 1 Functions Deployed
[debug] [2025-04-01T09:52:35.124Z] 0 Functions Errored
[debug] [2025-04-01T09:52:35.124Z] 0 Function Deployments Aborted
[debug] [2025-04-01T09:52:35.124Z] Average Function Deployment time: 64218
[debug] [2025-04-01T09:52:35.254Z] Not printing URL for HTTPS function. Typically this means it didn't match a filter or we failed deployment
[debug] [2025-04-01T09:52:35.254Z] Not printing URL for HTTPS function. Typically this means it didn't match a filter or we failed deployment
[info] Function URL (getClasificacionMostoles(us-central1)): https://getclasificacionmostoles-gqjjyw6b4a-uc.a.run.app
[debug] [2025-04-01T09:52:35.255Z] Checked if tokens are valid: true, expires at: 1743504397451
[debug] [2025-04-01T09:52:35.255Z] Checked if tokens are valid: true, expires at: 1743504397451
[debug] [2025-04-01T09:52:35.256Z] >>> [apiv2][query] GET https://artifactregistry.googleapis.com/v1/projects/volley-cubas-app/locations/us-central1/repositories/gcf-artifacts [none]
[debug] [2025-04-01T09:52:36.119Z] <<< [apiv2][status] GET https://artifactregistry.googleapis.com/v1/projects/volley-cubas-app/locations/us-central1/repositories/gcf-artifacts 200
[debug] [2025-04-01T09:52:36.119Z] <<< [apiv2][body] GET https://artifactregistry.googleapis.com/v1/projects/volley-cubas-app/locations/us-central1/repositories/gcf-artifacts {"name":"projects/volley-cubas-app/locations/us-central1/repositories/gcf-artifacts","format":"DOCKER","description":"This repository is created and used by Cloud Functions for storing function docker images.","labels":{"goog-managed-by":"cloudfunctions"},"createTime":"2025-03-12T19:13:37.511843Z","updateTime":"2025-04-01T09:51:58.693573Z","mode":"STANDARD_REPOSITORY","sizeBytes":"732839652","vulnerabilityScanningConfig":{"lastEnableTime":"2025-03-12T19:13:28.694717143Z","enablementState":"SCANNING_DISABLED","enablementStateReason":"API containerscanning.googleapis.com is not enabled."},"satisfiesPzi":true,"registryUri":"us-central1-docker.pkg.dev/volley-cubas-app/gcf-artifacts"}
[warn] !  functions: No cleanup policy detected for repositories in us-central1. This may result in a small monthly bill as container images accumulate over time. 
